[2025-10-07T00:36:26.899+0000] {taskinstance.py:1083} INFO - Dependencies all met for <TaskInstance: wine_clustering_pipeline.train_wine_clusters manual__2025-10-07T00:35:45.550633+00:00 [queued]>
[2025-10-07T00:36:26.916+0000] {taskinstance.py:1083} INFO - Dependencies all met for <TaskInstance: wine_clustering_pipeline.train_wine_clusters manual__2025-10-07T00:35:45.550633+00:00 [queued]>
[2025-10-07T00:36:26.916+0000] {taskinstance.py:1279} INFO - 
--------------------------------------------------------------------------------
[2025-10-07T00:36:26.917+0000] {taskinstance.py:1280} INFO - Starting attempt 1 of 2
[2025-10-07T00:36:26.920+0000] {taskinstance.py:1281} INFO - 
--------------------------------------------------------------------------------
[2025-10-07T00:36:26.941+0000] {taskinstance.py:1300} INFO - Executing <Task(PythonOperator): train_wine_clusters> on 2025-10-07 00:35:45.550633+00:00
[2025-10-07T00:36:26.982+0000] {standard_task_runner.py:55} INFO - Started process 351 to run task
[2025-10-07T00:36:26.987+0000] {standard_task_runner.py:82} INFO - Running: ['***', 'tasks', 'run', 'wine_clustering_pipeline', 'train_wine_clusters', 'manual__2025-10-07T00:35:45.550633+00:00', '--job-id', '25', '--raw', '--subdir', 'DAGS_FOLDER/***.py', '--cfg-path', '/tmp/tmpc936_c_v']
[2025-10-07T00:36:26.988+0000] {standard_task_runner.py:83} INFO - Job 25: Subtask train_wine_clusters
[2025-10-07T00:36:27.100+0000] {task_command.py:388} INFO - Running <TaskInstance: wine_clustering_pipeline.train_wine_clusters manual__2025-10-07T00:35:45.550633+00:00 [running]> on host fce8f86629d7
[2025-10-07T00:36:27.214+0000] {taskinstance.py:1509} INFO - Exporting the following env vars:
AIRFLOW_CTX_DAG_OWNER=harsh_shah
AIRFLOW_CTX_DAG_ID=wine_clustering_pipeline
AIRFLOW_CTX_TASK_ID=train_wine_clusters
AIRFLOW_CTX_EXECUTION_DATE=2025-10-07T00:35:45.550633+00:00
AIRFLOW_CTX_TRY_NUMBER=1
AIRFLOW_CTX_DAG_RUN_ID=manual__2025-10-07T00:35:45.550633+00:00
[2025-10-07T00:36:27.394+0000] {python.py:177} INFO - Done. Returned value was: b'\x80\x03cnumpy.core.multiarray\n_reconstruct\nq\x00cnumpy\nndarray\nq\x01K\x00\x85q\x02C\x01bq\x03\x87q\x04Rq\x05(K\x01K\xb2\x85q\x06cnumpy\ndtype\nq\x07X\x02\x00\x00\x00i4q\x08\x89\x88\x87q\tRq\n(K\x03X\x01\x00\x00\x00<q\x0bNNNJ\xff\xff\xff\xffJ\xff\xff\xff\xffK\x00tq\x0cb\x89B\xc8\x02\x00\x00\x01\x00\x00\x00\x01\x00\x00\x00\x01\x00\x00\x00\x01\x00\x00\x00\x01\x00\x00\x00\x01\x00\x00\x00\x01\x00\x00\x00\x01\x00\x00\x00\x01\x00\x00\x00\x01\x00\x00\x00\x01\x00\x00\x00\x01\x00\x00\x00\x01\x00\x00\x00\x01\x00\x00\x00\x01\x00\x00\x00\x01\x00\x00\x00\x01\x00\x00\x00\x01\x00\x00\x00\x01\x00\x00\x00\x01\x00\x00\x00\x01\x00\x00\x00\x01\x00\x00\x00\x01\x00\x00\x00\x01\x00\x00\x00\x01\x00\x00\x00\x01\x00\x00\x00\x01\x00\x00\x00\x01\x00\x00\x00\x01\x00\x00\x00\x01\x00\x00\x00\x01\x00\x00\x00\x01\x00\x00\x00\x01\x00\x00\x00\x01\x00\x00\x00\x01\x00\x00\x00\x01\x00\x00\x00\x01\x00\x00\x00\x01\x00\x00\x00\x01\x00\x00\x00\x01\x00\x00\x00\x01\x00\x00\x00\x01\x00\x00\x00\x01\x00\x00\x00\x01\x00\x00\x00\x01\x00\x00\x00\x01\x00\x00\x00\x01\x00\x00\x00\x01\x00\x00\x00\x01\x00\x00\x00\x01\x00\x00\x00\x01\x00\x00\x00\x01\x00\x00\x00\x01\x00\x00\x00\x01\x00\x00\x00\x01\x00\x00\x00\x01\x00\x00\x00\x01\x00\x00\x00\x01\x00\x00\x00\x01\x00\x00\x00\x02\x00\x00\x00\x02\x00\x00\x00\x00\x00\x00\x00\x02\x00\x00\x00\x02\x00\x00\x00\x02\x00\x00\x00\x02\x00\x00\x00\x02\x00\x00\x00\x02\x00\x00\x00\x02\x00\x00\x00\x02\x00\x00\x00\x02\x00\x00\x00\x02\x00\x00\x00\x02\x00\x00\x00\x01\x00\x00\x00\x02\x00\x00\x00\x02\x00\x00\x00\x02\x00\x00\x00\x02\x00\x00\x00\x02\x00\x00\x00\x02\x00\x00\x00\x02\x00\x00\x00\x02\x00\x00\x00\x02\x00\x00\x00\x00\x00\x00\x00\x02\x00\x00\x00\x02\x00\x00\x00\x02\x00\x00\x00\x02\x00\x00\x00\x02\x00\x00\x00\x02\x00\x00\x00\x02\x00\x00\x00\x02\x00\x00\x00\x02\x00\x00\x00\x02\x00\x00\x00\x02\x00\x00\x00\x01\x00\x00\x00\x02\x00\x00\x00\x02\x00\x00\x00\x02\x00\x00\x00\x02\x00\x00\x00\x02\x00\x00\x00\x02\x00\x00\x00\x02\x00\x00\x00\x02\x00\x00\x00\x02\x00\x00\x00\x02\x00\x00\x00\x02\x00\x00\x00\x02\x00\x00\x00\x02\x00\x00\x00\x02\x00\x00\x00\x02\x00\x00\x00\x02\x00\x00\x00\x02\x00\x00\x00\x02\x00\x00\x00\x02\x00\x00\x00\x02\x00\x00\x00\x02\x00\x00\x00\x02\x00\x00\x00\x00\x00\x00\x00\x02\x00\x00\x00\x02\x00\x00\x00\x01\x00\x00\x00\x02\x00\x00\x00\x02\x00\x00\x00\x02\x00\x00\x00\x02\x00\x00\x00\x02\x00\x00\x00\x02\x00\x00\x00\x02\x00\x00\x00\x02\x00\x00\x00\x00\x00\x00\x00\x00\x00\x00\x00\x00\x00\x00\x00\x00\x00\x00\x00\x00\x00\x00\x00\x00\x00\x00\x00\x00\x00\x00\x00\x00\x00\x00\x00\x00\x00\x00\x00\x00\x00\x00\x00\x00\x00\x00\x00\x00\x00\x00\x00\x00\x00\x00\x00\x00\x00\x00\x00\x00\x00\x00\x00\x00\x00\x00\x00\x00\x00\x00\x00\x00\x00\x00\x00\x00\x00\x00\x00\x00\x00\x00\x00\x00\x00\x00\x00\x00\x00\x00\x00\x00\x00\x00\x00\x00\x00\x00\x00\x00\x00\x00\x00\x00\x00\x00\x00\x00\x00\x00\x00\x00\x00\x00\x00\x00\x00\x00\x00\x00\x00\x00\x00\x00\x00\x00\x00\x00\x00\x00\x00\x00\x00\x00\x00\x00\x00\x00\x00\x00\x00\x00\x00\x00\x00\x00\x00\x00\x00\x00\x00\x00\x00\x00\x00\x00\x00\x00\x00\x00\x00\x00\x00\x00\x00\x00\x00\x00\x00\x00\x00\x00\x00\x00\x00\x00\x00\x00\x00\x00\x00\x00\x00\x00\x00\x00\x00\x00\x00\x00\x00\x00\x00\x00\x00q\rtq\x0eb.'
[2025-10-07T00:36:27.451+0000] {taskinstance.py:1323} INFO - Marking task as SUCCESS. dag_id=wine_clustering_pipeline, task_id=train_wine_clusters, execution_date=20251007T003545, start_date=20251007T003626, end_date=20251007T003627
[2025-10-07T00:36:27.522+0000] {local_task_job.py:208} INFO - Task exited with return code 0
[2025-10-07T00:36:27.552+0000] {taskinstance.py:2578} INFO - 1 downstream tasks scheduled from follow-on schedule check
