[2025-10-06T23:25:26.811+0000] {taskinstance.py:1083} INFO - Dependencies all met for <TaskInstance: Airflow_Lab1.build_save_model_task manual__2025-10-06T23:24:57.629571+00:00 [queued]>
[2025-10-06T23:25:26.825+0000] {taskinstance.py:1083} INFO - Dependencies all met for <TaskInstance: Airflow_Lab1.build_save_model_task manual__2025-10-06T23:24:57.629571+00:00 [queued]>
[2025-10-06T23:25:26.825+0000] {taskinstance.py:1279} INFO - 
--------------------------------------------------------------------------------
[2025-10-06T23:25:26.826+0000] {taskinstance.py:1280} INFO - Starting attempt 1 of 1
[2025-10-06T23:25:26.827+0000] {taskinstance.py:1281} INFO - 
--------------------------------------------------------------------------------
[2025-10-06T23:25:26.842+0000] {taskinstance.py:1300} INFO - Executing <Task(PythonOperator): build_save_model_task> on 2025-10-06 23:24:57.629571+00:00
[2025-10-06T23:25:26.857+0000] {standard_task_runner.py:55} INFO - Started process 821 to run task
[2025-10-06T23:25:26.861+0000] {standard_task_runner.py:82} INFO - Running: ['***', 'tasks', 'run', 'Airflow_Lab1', 'build_save_model_task', 'manual__2025-10-06T23:24:57.629571+00:00', '--job-id', '11', '--raw', '--subdir', 'DAGS_FOLDER/***.py', '--cfg-path', '/tmp/tmp432xpll0']
[2025-10-06T23:25:26.865+0000] {standard_task_runner.py:83} INFO - Job 11: Subtask build_save_model_task
[2025-10-06T23:25:26.973+0000] {task_command.py:388} INFO - Running <TaskInstance: Airflow_Lab1.build_save_model_task manual__2025-10-06T23:24:57.629571+00:00 [running]> on host fce8f86629d7
[2025-10-06T23:25:27.224+0000] {taskinstance.py:1509} INFO - Exporting the following env vars:
AIRFLOW_CTX_DAG_OWNER=your_name
AIRFLOW_CTX_DAG_ID=Airflow_Lab1
AIRFLOW_CTX_TASK_ID=build_save_model_task
AIRFLOW_CTX_EXECUTION_DATE=2025-10-06T23:24:57.629571+00:00
AIRFLOW_CTX_TRY_NUMBER=1
AIRFLOW_CTX_DAG_RUN_ID=manual__2025-10-06T23:24:57.629571+00:00
[2025-10-06T23:29:10.993+0000] {python.py:177} INFO - Done. Returned value was: [250.32804209291442, 128.8945787762319, 91.64833975738136, 72.4692153244092, 59.861406959778556, 52.0620423750911, 46.711186548043024, 41.503264751671395, 36.92823709391969, 33.98607596871967, 31.15817166791373, 28.845480032058717, 26.87443229611129, 25.999512369945634, 24.18507807239376, 22.713950061729733, 21.640087323981106, 20.780304808225495, 19.976783465801393, 19.4386693402709, 19.06639931435457, 18.44685388460455, 17.947211161985987, 16.898807424877266, 16.96318197797623, 16.5828407573165, 15.835651544091533, 15.775551490572, 15.3855073175332, 15.020243180409231, 14.882873240965246, 14.607686984302399, 14.306186090616874, 13.891614733454853, 13.805485778871228, 13.361866184299288, 13.367890857521076, 13.073601934790837, 12.981196891357618, 13.028578398100311, 12.867008418863989, 12.617297944046324, 12.382973425034507, 12.112634671228035, 11.836539142218324, 11.577385920665522, 11.1288360681145, 11.062804545149202, 11.158174940252096]
[2025-10-06T23:29:11.046+0000] {taskinstance.py:1323} INFO - Marking task as SUCCESS. dag_id=Airflow_Lab1, task_id=build_save_model_task, execution_date=20251006T232457, start_date=20251006T232526, end_date=20251006T232911
[2025-10-06T23:29:11.110+0000] {local_task_job.py:208} INFO - Task exited with return code 0
[2025-10-06T23:29:11.139+0000] {taskinstance.py:2578} INFO - 1 downstream tasks scheduled from follow-on schedule check
