[2025-10-07T00:08:55.350+0000] {processor.py:153} INFO - Started process (PID=67) to work on /opt/airflow/dags/airflow.py
[2025-10-07T00:08:55.353+0000] {processor.py:743} INFO - Processing file /opt/airflow/dags/airflow.py for tasks to queue
[2025-10-07T00:08:55.355+0000] {logging_mixin.py:137} INFO - [2025-10-07T00:08:55.354+0000] {dagbag.py:538} INFO - Filling up the DagBag from /opt/airflow/dags/airflow.py
[2025-10-07T00:09:26.647+0000] {logging_mixin.py:137} INFO - [2025-10-07T00:09:26.643+0000] {timeout.py:68} ERROR - Process timed out, PID: 67
[2025-10-07T00:09:30.010+0000] {logging_mixin.py:137} INFO - [2025-10-07T00:09:26.663+0000] {dagbag.py:343} ERROR - Failed to import: /opt/airflow/dags/airflow.py
Traceback (most recent call last):
  File "/home/airflow/.local/lib/python3.7/site-packages/airflow/models/dagbag.py", line 339, in parse
    loader.exec_module(new_module)
  File "<frozen importlib._bootstrap_external>", line 728, in exec_module
  File "<frozen importlib._bootstrap>", line 219, in _call_with_frames_removed
  File "/opt/airflow/dags/airflow.py", line 5, in <module>
    from src.lab import load_wine_data, preprocess_wine_data, train_wine_clusters, evaluate_wine_clusters
  File "/opt/airflow/dags/src/lab.py", line 3, in <module>
    from sklearn.datasets import load_wine
  File "/home/airflow/.local/lib/python3.7/site-packages/sklearn/__init__.py", line 82, in <module>
    from .base import clone
  File "/home/airflow/.local/lib/python3.7/site-packages/sklearn/base.py", line 17, in <module>
    from .utils import _IS_32BIT
  File "/home/airflow/.local/lib/python3.7/site-packages/sklearn/utils/__init__.py", line 28, in <module>
    from .fixes import np_version, parse_version
  File "/home/airflow/.local/lib/python3.7/site-packages/sklearn/utils/fixes.py", line 20, in <module>
    import scipy.stats
  File "/home/airflow/.local/lib/python3.7/site-packages/scipy/stats/__init__.py", line 441, in <module>
    from .stats import *
  File "/home/airflow/.local/lib/python3.7/site-packages/scipy/stats/stats.py", line 37, in <module>
    from scipy.spatial.distance import cdist
  File "/home/airflow/.local/lib/python3.7/site-packages/scipy/spatial/__init__.py", line 101, in <module>
    from ._procrustes import procrustes
  File "/home/airflow/.local/lib/python3.7/site-packages/scipy/spatial/_procrustes.py", line 9, in <module>
    from scipy.linalg import orthogonal_procrustes
  File "/home/airflow/.local/lib/python3.7/site-packages/scipy/linalg/__init__.py", line 195, in <module>
    from .misc import *
  File "/home/airflow/.local/lib/python3.7/site-packages/scipy/linalg/misc.py", line 3, in <module>
    from .blas import get_blas_funcs
  File "/home/airflow/.local/lib/python3.7/site-packages/scipy/linalg/blas.py", line 213, in <module>
    from scipy.linalg import _fblas
  File "/home/airflow/.local/lib/python3.7/site-packages/airflow/utils/timeout.py", line 69, in handle_timeout
    raise AirflowTaskTimeout(self.error_message)
airflow.exceptions.AirflowTaskTimeout: DagBag import timeout for /opt/airflow/dags/airflow.py after 30.0s.
Please take a look at these docs to improve your DAG import time:
* https://airflow.apache.org/docs/apache-airflow/2.5.1/best-practices.html#top-level-python-code
* https://airflow.apache.org/docs/apache-airflow/2.5.1/best-practices.html#reducing-dag-complexity, PID: 67
[2025-10-07T00:09:30.503+0000] {processor.py:755} WARNING - No viable dags retrieved from /opt/airflow/dags/airflow.py
[2025-10-07T00:09:41.237+0000] {processor.py:175} INFO - Processing /opt/airflow/dags/airflow.py took 45.928 seconds
[2025-10-07T00:10:26.633+0000] {processor.py:153} INFO - Started process (PID=76) to work on /opt/airflow/dags/airflow.py
[2025-10-07T00:10:27.132+0000] {processor.py:743} INFO - Processing file /opt/airflow/dags/airflow.py for tasks to queue
[2025-10-07T00:10:30.274+0000] {logging_mixin.py:137} INFO - [2025-10-07T00:10:30.250+0000] {dagbag.py:538} INFO - Filling up the DagBag from /opt/airflow/dags/airflow.py
[2025-10-07T00:11:02.247+0000] {logging_mixin.py:137} INFO - [2025-10-07T00:11:02.247+0000] {timeout.py:68} ERROR - Process timed out, PID: 76
[2025-10-07T00:11:02.792+0000] {logging_mixin.py:137} INFO - [2025-10-07T00:11:02.335+0000] {dagbag.py:343} ERROR - Failed to import: /opt/airflow/dags/airflow.py
Traceback (most recent call last):
  File "/home/airflow/.local/lib/python3.7/site-packages/airflow/models/dagbag.py", line 339, in parse
    loader.exec_module(new_module)
  File "<frozen importlib._bootstrap_external>", line 728, in exec_module
  File "<frozen importlib._bootstrap>", line 219, in _call_with_frames_removed
  File "/opt/airflow/dags/airflow.py", line 5, in <module>
    from src.lab import load_wine_data, preprocess_wine_data, train_wine_clusters, evaluate_wine_clusters
  File "/opt/airflow/dags/src/lab.py", line 3, in <module>
    from sklearn.datasets import load_wine
  File "/home/airflow/.local/lib/python3.7/site-packages/sklearn/__init__.py", line 82, in <module>
    from .base import clone
  File "/home/airflow/.local/lib/python3.7/site-packages/sklearn/base.py", line 17, in <module>
    from .utils import _IS_32BIT
  File "/home/airflow/.local/lib/python3.7/site-packages/sklearn/utils/__init__.py", line 28, in <module>
    from .fixes import np_version, parse_version
  File "/home/airflow/.local/lib/python3.7/site-packages/sklearn/utils/fixes.py", line 20, in <module>
    import scipy.stats
  File "/home/airflow/.local/lib/python3.7/site-packages/scipy/stats/__init__.py", line 441, in <module>
    from .stats import *
  File "/home/airflow/.local/lib/python3.7/site-packages/scipy/stats/stats.py", line 37, in <module>
    from scipy.spatial.distance import cdist
  File "/home/airflow/.local/lib/python3.7/site-packages/scipy/spatial/__init__.py", line 101, in <module>
    from ._procrustes import procrustes
  File "/home/airflow/.local/lib/python3.7/site-packages/scipy/spatial/_procrustes.py", line 9, in <module>
    from scipy.linalg import orthogonal_procrustes
  File "/home/airflow/.local/lib/python3.7/site-packages/scipy/linalg/__init__.py", line 195, in <module>
    from .misc import *
  File "/home/airflow/.local/lib/python3.7/site-packages/scipy/linalg/misc.py", line 4, in <module>
    from .lapack import get_lapack_funcs
  File "/home/airflow/.local/lib/python3.7/site-packages/scipy/linalg/lapack.py", line 818, in <module>
    from scipy.linalg import _flapack
  File "/home/airflow/.local/lib/python3.7/site-packages/airflow/utils/timeout.py", line 69, in handle_timeout
    raise AirflowTaskTimeout(self.error_message)
airflow.exceptions.AirflowTaskTimeout: DagBag import timeout for /opt/airflow/dags/airflow.py after 30.0s.
Please take a look at these docs to improve your DAG import time:
* https://airflow.apache.org/docs/apache-airflow/2.5.1/best-practices.html#top-level-python-code
* https://airflow.apache.org/docs/apache-airflow/2.5.1/best-practices.html#reducing-dag-complexity, PID: 76
[2025-10-07T00:11:02.794+0000] {processor.py:755} WARNING - No viable dags retrieved from /opt/airflow/dags/airflow.py
[2025-10-07T00:11:41.598+0000] {processor.py:153} INFO - Started process (PID=124) to work on /opt/airflow/dags/airflow.py
[2025-10-07T00:11:42.299+0000] {processor.py:743} INFO - Processing file /opt/airflow/dags/airflow.py for tasks to queue
[2025-10-07T00:11:43.399+0000] {logging_mixin.py:137} INFO - [2025-10-07T00:11:43.398+0000] {dagbag.py:538} INFO - Filling up the DagBag from /opt/airflow/dags/airflow.py
[2025-10-07T00:12:15.947+0000] {logging_mixin.py:137} INFO - [2025-10-07T00:12:15.947+0000] {timeout.py:68} ERROR - Process timed out, PID: 124
[2025-10-07T00:12:19.894+0000] {logging_mixin.py:137} INFO - [2025-10-07T00:12:15.988+0000] {dagbag.py:343} ERROR - Failed to import: /opt/airflow/dags/airflow.py
Traceback (most recent call last):
  File "/home/airflow/.local/lib/python3.7/site-packages/airflow/models/dagbag.py", line 339, in parse
    loader.exec_module(new_module)
  File "<frozen importlib._bootstrap_external>", line 728, in exec_module
  File "<frozen importlib._bootstrap>", line 219, in _call_with_frames_removed
  File "/opt/airflow/dags/airflow.py", line 5, in <module>
    from src.lab import load_wine_data, preprocess_wine_data, train_wine_clusters, evaluate_wine_clusters
  File "/opt/airflow/dags/src/lab.py", line 3, in <module>
    from sklearn.datasets import load_wine
  File "/home/airflow/.local/lib/python3.7/site-packages/sklearn/__init__.py", line 82, in <module>
    from .base import clone
  File "/home/airflow/.local/lib/python3.7/site-packages/sklearn/base.py", line 17, in <module>
    from .utils import _IS_32BIT
  File "/home/airflow/.local/lib/python3.7/site-packages/sklearn/utils/__init__.py", line 28, in <module>
    from .fixes import np_version, parse_version
  File "/home/airflow/.local/lib/python3.7/site-packages/sklearn/utils/fixes.py", line 20, in <module>
    import scipy.stats
  File "/home/airflow/.local/lib/python3.7/site-packages/scipy/stats/__init__.py", line 441, in <module>
    from .stats import *
  File "/home/airflow/.local/lib/python3.7/site-packages/scipy/stats/stats.py", line 37, in <module>
    from scipy.spatial.distance import cdist
  File "/home/airflow/.local/lib/python3.7/site-packages/scipy/spatial/__init__.py", line 102, in <module>
    from ._geometric_slerp import geometric_slerp
  File "/home/airflow/.local/lib/python3.7/site-packages/scipy/spatial/_geometric_slerp.py", line 8, in <module>
    from scipy.spatial.distance import euclidean
  File "/home/airflow/.local/lib/python3.7/site-packages/scipy/spatial/distance.py", line 124, in <module>
    from ..special import rel_entr
  File "/home/airflow/.local/lib/python3.7/site-packages/scipy/special/__init__.py", line 654, in <module>
    from .spfun_stats import multigammaln
  File "<frozen importlib._bootstrap>", line 983, in _find_and_load
  File "<frozen importlib._bootstrap>", line 967, in _find_and_load_unlocked
  File "<frozen importlib._bootstrap>", line 677, in _load_unlocked
  File "<frozen importlib._bootstrap_external>", line 724, in exec_module
  File "<frozen importlib._bootstrap_external>", line 818, in get_code
  File "<frozen importlib._bootstrap_external>", line 917, in get_data
  File "/home/airflow/.local/lib/python3.7/site-packages/airflow/utils/timeout.py", line 69, in handle_timeout
    raise AirflowTaskTimeout(self.error_message)
airflow.exceptions.AirflowTaskTimeout: DagBag import timeout for /opt/airflow/dags/airflow.py after 30.0s.
Please take a look at these docs to improve your DAG import time:
* https://airflow.apache.org/docs/apache-airflow/2.5.1/best-practices.html#top-level-python-code
* https://airflow.apache.org/docs/apache-airflow/2.5.1/best-practices.html#reducing-dag-complexity, PID: 124
[2025-10-07T00:12:20.748+0000] {processor.py:755} WARNING - No viable dags retrieved from /opt/airflow/dags/airflow.py
[2025-10-07T00:12:56.601+0000] {processor.py:153} INFO - Started process (PID=174) to work on /opt/airflow/dags/airflow.py
[2025-10-07T00:12:56.673+0000] {processor.py:743} INFO - Processing file /opt/airflow/dags/airflow.py for tasks to queue
[2025-10-07T00:12:56.678+0000] {logging_mixin.py:137} INFO - [2025-10-07T00:12:56.676+0000] {dagbag.py:538} INFO - Filling up the DagBag from /opt/airflow/dags/airflow.py
[2025-10-07T00:13:01.422+0000] {logging_mixin.py:137} INFO - [2025-10-07T00:13:01.422+0000] {taskmixin.py:205} WARNING - Dependency <Task(PythonOperator): load_wine_data>, preprocess_wine_data already registered for DAG: wine_clustering_pipeline
[2025-10-07T00:13:01.423+0000] {logging_mixin.py:137} INFO - [2025-10-07T00:13:01.423+0000] {taskmixin.py:205} WARNING - Dependency <Task(PythonOperator): preprocess_wine_data>, load_wine_data already registered for DAG: wine_clustering_pipeline
[2025-10-07T00:13:01.424+0000] {logging_mixin.py:137} INFO - [2025-10-07T00:13:01.424+0000] {taskmixin.py:205} WARNING - Dependency <Task(PythonOperator): preprocess_wine_data>, train_wine_clusters already registered for DAG: wine_clustering_pipeline
[2025-10-07T00:13:01.427+0000] {logging_mixin.py:137} INFO - [2025-10-07T00:13:01.427+0000] {taskmixin.py:205} WARNING - Dependency <Task(PythonOperator): train_wine_clusters>, preprocess_wine_data already registered for DAG: wine_clustering_pipeline
[2025-10-07T00:13:01.428+0000] {logging_mixin.py:137} INFO - [2025-10-07T00:13:01.428+0000] {taskmixin.py:205} WARNING - Dependency <Task(PythonOperator): train_wine_clusters>, evaluate_wine_clusters already registered for DAG: wine_clustering_pipeline
[2025-10-07T00:13:01.429+0000] {logging_mixin.py:137} INFO - [2025-10-07T00:13:01.429+0000] {taskmixin.py:205} WARNING - Dependency <Task(PythonOperator): evaluate_wine_clusters>, train_wine_clusters already registered for DAG: wine_clustering_pipeline
[2025-10-07T00:13:01.523+0000] {processor.py:753} INFO - DAG(s) dict_keys(['wine_clustering_pipeline']) retrieved from /opt/airflow/dags/airflow.py
[2025-10-07T00:13:02.579+0000] {logging_mixin.py:137} INFO - [2025-10-07T00:13:02.579+0000] {manager.py:504} INFO - Created Permission View: can read on DAG:wine_clustering_pipeline
[2025-10-07T00:13:02.596+0000] {logging_mixin.py:137} INFO - [2025-10-07T00:13:02.596+0000] {manager.py:504} INFO - Created Permission View: can edit on DAG:wine_clustering_pipeline
[2025-10-07T00:13:02.611+0000] {logging_mixin.py:137} INFO - [2025-10-07T00:13:02.611+0000] {manager.py:504} INFO - Created Permission View: can delete on DAG:wine_clustering_pipeline
[2025-10-07T00:13:02.612+0000] {logging_mixin.py:137} INFO - [2025-10-07T00:13:02.612+0000] {dag.py:2690} INFO - Sync 1 DAGs
[2025-10-07T00:13:02.738+0000] {logging_mixin.py:137} INFO - [2025-10-07T00:13:02.738+0000] {dag.py:2711} INFO - Creating ORM DAG for wine_clustering_pipeline
[2025-10-07T00:13:02.927+0000] {logging_mixin.py:137} INFO - [2025-10-07T00:13:02.926+0000] {dag.py:3441} INFO - Setting next_dagrun for wine_clustering_pipeline to None, run_after=None
[2025-10-07T00:13:07.982+0000] {processor.py:175} INFO - Processing /opt/airflow/dags/airflow.py took 12.469 seconds
[2025-10-07T00:13:38.259+0000] {processor.py:153} INFO - Started process (PID=247) to work on /opt/airflow/dags/airflow.py
[2025-10-07T00:13:38.261+0000] {processor.py:743} INFO - Processing file /opt/airflow/dags/airflow.py for tasks to queue
[2025-10-07T00:13:38.262+0000] {logging_mixin.py:137} INFO - [2025-10-07T00:13:38.262+0000] {dagbag.py:538} INFO - Filling up the DagBag from /opt/airflow/dags/airflow.py
[2025-10-07T00:13:39.084+0000] {logging_mixin.py:137} INFO - [2025-10-07T00:13:39.083+0000] {taskmixin.py:205} WARNING - Dependency <Task(PythonOperator): load_wine_data>, preprocess_wine_data already registered for DAG: wine_clustering_pipeline
[2025-10-07T00:13:39.085+0000] {logging_mixin.py:137} INFO - [2025-10-07T00:13:39.085+0000] {taskmixin.py:205} WARNING - Dependency <Task(PythonOperator): preprocess_wine_data>, load_wine_data already registered for DAG: wine_clustering_pipeline
[2025-10-07T00:13:39.087+0000] {logging_mixin.py:137} INFO - [2025-10-07T00:13:39.086+0000] {taskmixin.py:205} WARNING - Dependency <Task(PythonOperator): preprocess_wine_data>, train_wine_clusters already registered for DAG: wine_clustering_pipeline
[2025-10-07T00:13:39.088+0000] {logging_mixin.py:137} INFO - [2025-10-07T00:13:39.088+0000] {taskmixin.py:205} WARNING - Dependency <Task(PythonOperator): train_wine_clusters>, preprocess_wine_data already registered for DAG: wine_clustering_pipeline
[2025-10-07T00:13:39.089+0000] {logging_mixin.py:137} INFO - [2025-10-07T00:13:39.089+0000] {taskmixin.py:205} WARNING - Dependency <Task(PythonOperator): train_wine_clusters>, evaluate_wine_clusters already registered for DAG: wine_clustering_pipeline
[2025-10-07T00:13:39.090+0000] {logging_mixin.py:137} INFO - [2025-10-07T00:13:39.090+0000] {taskmixin.py:205} WARNING - Dependency <Task(PythonOperator): evaluate_wine_clusters>, train_wine_clusters already registered for DAG: wine_clustering_pipeline
[2025-10-07T00:13:39.102+0000] {processor.py:753} INFO - DAG(s) dict_keys(['wine_clustering_pipeline']) retrieved from /opt/airflow/dags/airflow.py
[2025-10-07T00:13:39.162+0000] {logging_mixin.py:137} INFO - [2025-10-07T00:13:39.162+0000] {dag.py:2690} INFO - Sync 1 DAGs
[2025-10-07T00:13:39.209+0000] {logging_mixin.py:137} INFO - [2025-10-07T00:13:39.209+0000] {dag.py:3441} INFO - Setting next_dagrun for wine_clustering_pipeline to None, run_after=None
[2025-10-07T00:13:39.255+0000] {processor.py:175} INFO - Processing /opt/airflow/dags/airflow.py took 1.001 seconds
[2025-10-07T00:14:09.975+0000] {processor.py:153} INFO - Started process (PID=308) to work on /opt/airflow/dags/airflow.py
[2025-10-07T00:14:09.976+0000] {processor.py:743} INFO - Processing file /opt/airflow/dags/airflow.py for tasks to queue
[2025-10-07T00:14:09.977+0000] {logging_mixin.py:137} INFO - [2025-10-07T00:14:09.977+0000] {dagbag.py:538} INFO - Filling up the DagBag from /opt/airflow/dags/airflow.py
[2025-10-07T00:14:10.505+0000] {logging_mixin.py:137} INFO - [2025-10-07T00:14:10.504+0000] {taskmixin.py:205} WARNING - Dependency <Task(PythonOperator): load_wine_data>, preprocess_wine_data already registered for DAG: wine_clustering_pipeline
[2025-10-07T00:14:10.505+0000] {logging_mixin.py:137} INFO - [2025-10-07T00:14:10.505+0000] {taskmixin.py:205} WARNING - Dependency <Task(PythonOperator): preprocess_wine_data>, load_wine_data already registered for DAG: wine_clustering_pipeline
[2025-10-07T00:14:10.506+0000] {logging_mixin.py:137} INFO - [2025-10-07T00:14:10.506+0000] {taskmixin.py:205} WARNING - Dependency <Task(PythonOperator): preprocess_wine_data>, train_wine_clusters already registered for DAG: wine_clustering_pipeline
[2025-10-07T00:14:10.506+0000] {logging_mixin.py:137} INFO - [2025-10-07T00:14:10.506+0000] {taskmixin.py:205} WARNING - Dependency <Task(PythonOperator): train_wine_clusters>, preprocess_wine_data already registered for DAG: wine_clustering_pipeline
[2025-10-07T00:14:10.507+0000] {logging_mixin.py:137} INFO - [2025-10-07T00:14:10.507+0000] {taskmixin.py:205} WARNING - Dependency <Task(PythonOperator): train_wine_clusters>, evaluate_wine_clusters already registered for DAG: wine_clustering_pipeline
[2025-10-07T00:14:10.507+0000] {logging_mixin.py:137} INFO - [2025-10-07T00:14:10.507+0000] {taskmixin.py:205} WARNING - Dependency <Task(PythonOperator): evaluate_wine_clusters>, train_wine_clusters already registered for DAG: wine_clustering_pipeline
[2025-10-07T00:14:10.515+0000] {processor.py:753} INFO - DAG(s) dict_keys(['wine_clustering_pipeline']) retrieved from /opt/airflow/dags/airflow.py
[2025-10-07T00:14:10.548+0000] {logging_mixin.py:137} INFO - [2025-10-07T00:14:10.548+0000] {dag.py:2690} INFO - Sync 1 DAGs
[2025-10-07T00:14:10.581+0000] {logging_mixin.py:137} INFO - [2025-10-07T00:14:10.580+0000] {dag.py:3441} INFO - Setting next_dagrun for wine_clustering_pipeline to None, run_after=None
[2025-10-07T00:14:10.610+0000] {processor.py:175} INFO - Processing /opt/airflow/dags/airflow.py took 0.639 seconds
[2025-10-07T00:14:40.887+0000] {processor.py:153} INFO - Started process (PID=349) to work on /opt/airflow/dags/airflow.py
[2025-10-07T00:14:40.888+0000] {processor.py:743} INFO - Processing file /opt/airflow/dags/airflow.py for tasks to queue
[2025-10-07T00:14:40.889+0000] {logging_mixin.py:137} INFO - [2025-10-07T00:14:40.889+0000] {dagbag.py:538} INFO - Filling up the DagBag from /opt/airflow/dags/airflow.py
[2025-10-07T00:14:41.359+0000] {logging_mixin.py:137} INFO - [2025-10-07T00:14:41.359+0000] {taskmixin.py:205} WARNING - Dependency <Task(PythonOperator): load_wine_data>, preprocess_wine_data already registered for DAG: wine_clustering_pipeline
[2025-10-07T00:14:41.360+0000] {logging_mixin.py:137} INFO - [2025-10-07T00:14:41.360+0000] {taskmixin.py:205} WARNING - Dependency <Task(PythonOperator): preprocess_wine_data>, load_wine_data already registered for DAG: wine_clustering_pipeline
[2025-10-07T00:14:41.360+0000] {logging_mixin.py:137} INFO - [2025-10-07T00:14:41.360+0000] {taskmixin.py:205} WARNING - Dependency <Task(PythonOperator): preprocess_wine_data>, train_wine_clusters already registered for DAG: wine_clustering_pipeline
[2025-10-07T00:14:41.361+0000] {logging_mixin.py:137} INFO - [2025-10-07T00:14:41.361+0000] {taskmixin.py:205} WARNING - Dependency <Task(PythonOperator): train_wine_clusters>, preprocess_wine_data already registered for DAG: wine_clustering_pipeline
[2025-10-07T00:14:41.362+0000] {logging_mixin.py:137} INFO - [2025-10-07T00:14:41.361+0000] {taskmixin.py:205} WARNING - Dependency <Task(PythonOperator): train_wine_clusters>, evaluate_wine_clusters already registered for DAG: wine_clustering_pipeline
[2025-10-07T00:14:41.362+0000] {logging_mixin.py:137} INFO - [2025-10-07T00:14:41.362+0000] {taskmixin.py:205} WARNING - Dependency <Task(PythonOperator): evaluate_wine_clusters>, train_wine_clusters already registered for DAG: wine_clustering_pipeline
[2025-10-07T00:14:41.369+0000] {processor.py:753} INFO - DAG(s) dict_keys(['wine_clustering_pipeline']) retrieved from /opt/airflow/dags/airflow.py
[2025-10-07T00:14:41.405+0000] {logging_mixin.py:137} INFO - [2025-10-07T00:14:41.405+0000] {dag.py:2690} INFO - Sync 1 DAGs
[2025-10-07T00:14:41.437+0000] {logging_mixin.py:137} INFO - [2025-10-07T00:14:41.437+0000] {dag.py:3441} INFO - Setting next_dagrun for wine_clustering_pipeline to None, run_after=None
[2025-10-07T00:14:41.464+0000] {processor.py:175} INFO - Processing /opt/airflow/dags/airflow.py took 0.583 seconds
[2025-10-07T00:15:11.704+0000] {processor.py:153} INFO - Started process (PID=411) to work on /opt/airflow/dags/airflow.py
[2025-10-07T00:15:11.706+0000] {processor.py:743} INFO - Processing file /opt/airflow/dags/airflow.py for tasks to queue
[2025-10-07T00:15:11.707+0000] {logging_mixin.py:137} INFO - [2025-10-07T00:15:11.707+0000] {dagbag.py:538} INFO - Filling up the DagBag from /opt/airflow/dags/airflow.py
[2025-10-07T00:15:12.132+0000] {logging_mixin.py:137} INFO - [2025-10-07T00:15:12.132+0000] {taskmixin.py:205} WARNING - Dependency <Task(PythonOperator): load_wine_data>, preprocess_wine_data already registered for DAG: wine_clustering_pipeline
[2025-10-07T00:15:12.132+0000] {logging_mixin.py:137} INFO - [2025-10-07T00:15:12.132+0000] {taskmixin.py:205} WARNING - Dependency <Task(PythonOperator): preprocess_wine_data>, load_wine_data already registered for DAG: wine_clustering_pipeline
[2025-10-07T00:15:12.133+0000] {logging_mixin.py:137} INFO - [2025-10-07T00:15:12.133+0000] {taskmixin.py:205} WARNING - Dependency <Task(PythonOperator): preprocess_wine_data>, train_wine_clusters already registered for DAG: wine_clustering_pipeline
[2025-10-07T00:15:12.134+0000] {logging_mixin.py:137} INFO - [2025-10-07T00:15:12.134+0000] {taskmixin.py:205} WARNING - Dependency <Task(PythonOperator): train_wine_clusters>, preprocess_wine_data already registered for DAG: wine_clustering_pipeline
[2025-10-07T00:15:12.134+0000] {logging_mixin.py:137} INFO - [2025-10-07T00:15:12.134+0000] {taskmixin.py:205} WARNING - Dependency <Task(PythonOperator): train_wine_clusters>, evaluate_wine_clusters already registered for DAG: wine_clustering_pipeline
[2025-10-07T00:15:12.135+0000] {logging_mixin.py:137} INFO - [2025-10-07T00:15:12.135+0000] {taskmixin.py:205} WARNING - Dependency <Task(PythonOperator): evaluate_wine_clusters>, train_wine_clusters already registered for DAG: wine_clustering_pipeline
[2025-10-07T00:15:12.141+0000] {processor.py:753} INFO - DAG(s) dict_keys(['wine_clustering_pipeline']) retrieved from /opt/airflow/dags/airflow.py
[2025-10-07T00:15:12.174+0000] {logging_mixin.py:137} INFO - [2025-10-07T00:15:12.174+0000] {dag.py:2690} INFO - Sync 1 DAGs
[2025-10-07T00:15:12.207+0000] {logging_mixin.py:137} INFO - [2025-10-07T00:15:12.207+0000] {dag.py:3441} INFO - Setting next_dagrun for wine_clustering_pipeline to None, run_after=None
[2025-10-07T00:15:12.233+0000] {processor.py:175} INFO - Processing /opt/airflow/dags/airflow.py took 0.534 seconds
[2025-10-07T00:15:42.496+0000] {processor.py:153} INFO - Started process (PID=453) to work on /opt/airflow/dags/airflow.py
[2025-10-07T00:15:42.498+0000] {processor.py:743} INFO - Processing file /opt/airflow/dags/airflow.py for tasks to queue
[2025-10-07T00:15:42.500+0000] {logging_mixin.py:137} INFO - [2025-10-07T00:15:42.500+0000] {dagbag.py:538} INFO - Filling up the DagBag from /opt/airflow/dags/airflow.py
[2025-10-07T00:15:43.088+0000] {logging_mixin.py:137} INFO - [2025-10-07T00:15:43.088+0000] {taskmixin.py:205} WARNING - Dependency <Task(PythonOperator): load_wine_data>, preprocess_wine_data already registered for DAG: wine_clustering_pipeline
[2025-10-07T00:15:43.089+0000] {logging_mixin.py:137} INFO - [2025-10-07T00:15:43.089+0000] {taskmixin.py:205} WARNING - Dependency <Task(PythonOperator): preprocess_wine_data>, load_wine_data already registered for DAG: wine_clustering_pipeline
[2025-10-07T00:15:43.090+0000] {logging_mixin.py:137} INFO - [2025-10-07T00:15:43.090+0000] {taskmixin.py:205} WARNING - Dependency <Task(PythonOperator): preprocess_wine_data>, train_wine_clusters already registered for DAG: wine_clustering_pipeline
[2025-10-07T00:15:43.091+0000] {logging_mixin.py:137} INFO - [2025-10-07T00:15:43.090+0000] {taskmixin.py:205} WARNING - Dependency <Task(PythonOperator): train_wine_clusters>, preprocess_wine_data already registered for DAG: wine_clustering_pipeline
[2025-10-07T00:15:43.091+0000] {logging_mixin.py:137} INFO - [2025-10-07T00:15:43.091+0000] {taskmixin.py:205} WARNING - Dependency <Task(PythonOperator): train_wine_clusters>, evaluate_wine_clusters already registered for DAG: wine_clustering_pipeline
[2025-10-07T00:15:43.092+0000] {logging_mixin.py:137} INFO - [2025-10-07T00:15:43.092+0000] {taskmixin.py:205} WARNING - Dependency <Task(PythonOperator): evaluate_wine_clusters>, train_wine_clusters already registered for DAG: wine_clustering_pipeline
[2025-10-07T00:15:43.102+0000] {processor.py:753} INFO - DAG(s) dict_keys(['wine_clustering_pipeline']) retrieved from /opt/airflow/dags/airflow.py
[2025-10-07T00:15:43.136+0000] {logging_mixin.py:137} INFO - [2025-10-07T00:15:43.135+0000] {dag.py:2690} INFO - Sync 1 DAGs
[2025-10-07T00:15:43.168+0000] {logging_mixin.py:137} INFO - [2025-10-07T00:15:43.168+0000] {dag.py:3441} INFO - Setting next_dagrun for wine_clustering_pipeline to None, run_after=None
[2025-10-07T00:15:43.197+0000] {processor.py:175} INFO - Processing /opt/airflow/dags/airflow.py took 0.706 seconds
[2025-10-07T00:16:13.468+0000] {processor.py:153} INFO - Started process (PID=494) to work on /opt/airflow/dags/airflow.py
[2025-10-07T00:16:13.469+0000] {processor.py:743} INFO - Processing file /opt/airflow/dags/airflow.py for tasks to queue
[2025-10-07T00:16:13.470+0000] {logging_mixin.py:137} INFO - [2025-10-07T00:16:13.470+0000] {dagbag.py:538} INFO - Filling up the DagBag from /opt/airflow/dags/airflow.py
[2025-10-07T00:16:14.152+0000] {logging_mixin.py:137} INFO - [2025-10-07T00:16:14.152+0000] {taskmixin.py:205} WARNING - Dependency <Task(PythonOperator): load_wine_data>, preprocess_wine_data already registered for DAG: wine_clustering_pipeline
[2025-10-07T00:16:14.153+0000] {logging_mixin.py:137} INFO - [2025-10-07T00:16:14.153+0000] {taskmixin.py:205} WARNING - Dependency <Task(PythonOperator): preprocess_wine_data>, load_wine_data already registered for DAG: wine_clustering_pipeline
[2025-10-07T00:16:14.153+0000] {logging_mixin.py:137} INFO - [2025-10-07T00:16:14.153+0000] {taskmixin.py:205} WARNING - Dependency <Task(PythonOperator): preprocess_wine_data>, train_wine_clusters already registered for DAG: wine_clustering_pipeline
[2025-10-07T00:16:14.154+0000] {logging_mixin.py:137} INFO - [2025-10-07T00:16:14.154+0000] {taskmixin.py:205} WARNING - Dependency <Task(PythonOperator): train_wine_clusters>, preprocess_wine_data already registered for DAG: wine_clustering_pipeline
[2025-10-07T00:16:14.155+0000] {logging_mixin.py:137} INFO - [2025-10-07T00:16:14.155+0000] {taskmixin.py:205} WARNING - Dependency <Task(PythonOperator): train_wine_clusters>, evaluate_wine_clusters already registered for DAG: wine_clustering_pipeline
[2025-10-07T00:16:14.156+0000] {logging_mixin.py:137} INFO - [2025-10-07T00:16:14.156+0000] {taskmixin.py:205} WARNING - Dependency <Task(PythonOperator): evaluate_wine_clusters>, train_wine_clusters already registered for DAG: wine_clustering_pipeline
[2025-10-07T00:16:14.163+0000] {processor.py:753} INFO - DAG(s) dict_keys(['wine_clustering_pipeline']) retrieved from /opt/airflow/dags/airflow.py
[2025-10-07T00:16:14.209+0000] {logging_mixin.py:137} INFO - [2025-10-07T00:16:14.209+0000] {dag.py:2690} INFO - Sync 1 DAGs
[2025-10-07T00:16:14.244+0000] {logging_mixin.py:137} INFO - [2025-10-07T00:16:14.243+0000] {dag.py:3441} INFO - Setting next_dagrun for wine_clustering_pipeline to None, run_after=None
[2025-10-07T00:16:14.276+0000] {processor.py:175} INFO - Processing /opt/airflow/dags/airflow.py took 0.813 seconds
[2025-10-07T00:16:44.541+0000] {processor.py:153} INFO - Started process (PID=555) to work on /opt/airflow/dags/airflow.py
[2025-10-07T00:16:44.543+0000] {processor.py:743} INFO - Processing file /opt/airflow/dags/airflow.py for tasks to queue
[2025-10-07T00:16:44.545+0000] {logging_mixin.py:137} INFO - [2025-10-07T00:16:44.545+0000] {dagbag.py:538} INFO - Filling up the DagBag from /opt/airflow/dags/airflow.py
[2025-10-07T00:16:45.037+0000] {logging_mixin.py:137} INFO - [2025-10-07T00:16:45.037+0000] {taskmixin.py:205} WARNING - Dependency <Task(PythonOperator): load_wine_data>, preprocess_wine_data already registered for DAG: wine_clustering_pipeline
[2025-10-07T00:16:45.038+0000] {logging_mixin.py:137} INFO - [2025-10-07T00:16:45.038+0000] {taskmixin.py:205} WARNING - Dependency <Task(PythonOperator): preprocess_wine_data>, load_wine_data already registered for DAG: wine_clustering_pipeline
[2025-10-07T00:16:45.039+0000] {logging_mixin.py:137} INFO - [2025-10-07T00:16:45.039+0000] {taskmixin.py:205} WARNING - Dependency <Task(PythonOperator): preprocess_wine_data>, train_wine_clusters already registered for DAG: wine_clustering_pipeline
[2025-10-07T00:16:45.039+0000] {logging_mixin.py:137} INFO - [2025-10-07T00:16:45.039+0000] {taskmixin.py:205} WARNING - Dependency <Task(PythonOperator): train_wine_clusters>, preprocess_wine_data already registered for DAG: wine_clustering_pipeline
[2025-10-07T00:16:45.040+0000] {logging_mixin.py:137} INFO - [2025-10-07T00:16:45.040+0000] {taskmixin.py:205} WARNING - Dependency <Task(PythonOperator): train_wine_clusters>, evaluate_wine_clusters already registered for DAG: wine_clustering_pipeline
[2025-10-07T00:16:45.041+0000] {logging_mixin.py:137} INFO - [2025-10-07T00:16:45.041+0000] {taskmixin.py:205} WARNING - Dependency <Task(PythonOperator): evaluate_wine_clusters>, train_wine_clusters already registered for DAG: wine_clustering_pipeline
[2025-10-07T00:16:45.048+0000] {processor.py:753} INFO - DAG(s) dict_keys(['wine_clustering_pipeline']) retrieved from /opt/airflow/dags/airflow.py
[2025-10-07T00:16:45.085+0000] {logging_mixin.py:137} INFO - [2025-10-07T00:16:45.085+0000] {dag.py:2690} INFO - Sync 1 DAGs
[2025-10-07T00:16:45.122+0000] {logging_mixin.py:137} INFO - [2025-10-07T00:16:45.122+0000] {dag.py:3441} INFO - Setting next_dagrun for wine_clustering_pipeline to None, run_after=None
[2025-10-07T00:16:45.153+0000] {processor.py:175} INFO - Processing /opt/airflow/dags/airflow.py took 0.617 seconds
[2025-10-07T00:17:15.427+0000] {processor.py:153} INFO - Started process (PID=596) to work on /opt/airflow/dags/airflow.py
[2025-10-07T00:17:15.429+0000] {processor.py:743} INFO - Processing file /opt/airflow/dags/airflow.py for tasks to queue
[2025-10-07T00:17:15.430+0000] {logging_mixin.py:137} INFO - [2025-10-07T00:17:15.430+0000] {dagbag.py:538} INFO - Filling up the DagBag from /opt/airflow/dags/airflow.py
[2025-10-07T00:17:16.066+0000] {logging_mixin.py:137} INFO - [2025-10-07T00:17:16.065+0000] {taskmixin.py:205} WARNING - Dependency <Task(PythonOperator): load_wine_data>, preprocess_wine_data already registered for DAG: wine_clustering_pipeline
[2025-10-07T00:17:16.067+0000] {logging_mixin.py:137} INFO - [2025-10-07T00:17:16.066+0000] {taskmixin.py:205} WARNING - Dependency <Task(PythonOperator): preprocess_wine_data>, load_wine_data already registered for DAG: wine_clustering_pipeline
[2025-10-07T00:17:16.067+0000] {logging_mixin.py:137} INFO - [2025-10-07T00:17:16.067+0000] {taskmixin.py:205} WARNING - Dependency <Task(PythonOperator): preprocess_wine_data>, train_wine_clusters already registered for DAG: wine_clustering_pipeline
[2025-10-07T00:17:16.068+0000] {logging_mixin.py:137} INFO - [2025-10-07T00:17:16.068+0000] {taskmixin.py:205} WARNING - Dependency <Task(PythonOperator): train_wine_clusters>, preprocess_wine_data already registered for DAG: wine_clustering_pipeline
[2025-10-07T00:17:16.069+0000] {logging_mixin.py:137} INFO - [2025-10-07T00:17:16.069+0000] {taskmixin.py:205} WARNING - Dependency <Task(PythonOperator): train_wine_clusters>, evaluate_wine_clusters already registered for DAG: wine_clustering_pipeline
[2025-10-07T00:17:16.070+0000] {logging_mixin.py:137} INFO - [2025-10-07T00:17:16.070+0000] {taskmixin.py:205} WARNING - Dependency <Task(PythonOperator): evaluate_wine_clusters>, train_wine_clusters already registered for DAG: wine_clustering_pipeline
[2025-10-07T00:17:16.088+0000] {processor.py:753} INFO - DAG(s) dict_keys(['wine_clustering_pipeline']) retrieved from /opt/airflow/dags/airflow.py
[2025-10-07T00:17:16.147+0000] {logging_mixin.py:137} INFO - [2025-10-07T00:17:16.146+0000] {dag.py:2690} INFO - Sync 1 DAGs
[2025-10-07T00:17:16.204+0000] {logging_mixin.py:137} INFO - [2025-10-07T00:17:16.203+0000] {dag.py:3441} INFO - Setting next_dagrun for wine_clustering_pipeline to None, run_after=None
[2025-10-07T00:17:16.242+0000] {processor.py:175} INFO - Processing /opt/airflow/dags/airflow.py took 0.822 seconds
[2025-10-07T00:27:54.654+0000] {processor.py:153} INFO - Started process (PID=126) to work on /opt/airflow/dags/airflow.py
[2025-10-07T00:27:54.709+0000] {processor.py:743} INFO - Processing file /opt/airflow/dags/airflow.py for tasks to queue
[2025-10-07T00:27:54.789+0000] {logging_mixin.py:137} INFO - [2025-10-07T00:27:54.711+0000] {dagbag.py:538} INFO - Filling up the DagBag from /opt/airflow/dags/airflow.py
[2025-10-07T00:28:27.366+0000] {logging_mixin.py:137} INFO - [2025-10-07T00:28:26.669+0000] {timeout.py:68} ERROR - Process timed out, PID: 126
[2025-10-07T00:28:37.346+0000] {logging_mixin.py:137} INFO - [2025-10-07T00:28:27.790+0000] {dagbag.py:343} ERROR - Failed to import: /opt/airflow/dags/airflow.py
Traceback (most recent call last):
  File "/home/airflow/.local/lib/python3.7/site-packages/airflow/models/dagbag.py", line 339, in parse
    loader.exec_module(new_module)
  File "<frozen importlib._bootstrap_external>", line 728, in exec_module
  File "<frozen importlib._bootstrap>", line 219, in _call_with_frames_removed
  File "/opt/airflow/dags/airflow.py", line 5, in <module>
    from src.lab import load_wine_data, preprocess_wine_data, train_wine_clusters, evaluate_wine_clusters
  File "/opt/airflow/dags/src/lab.py", line 3, in <module>
    from sklearn.datasets import load_wine
  File "/home/airflow/.local/lib/python3.7/site-packages/sklearn/__init__.py", line 82, in <module>
    from .base import clone
  File "/home/airflow/.local/lib/python3.7/site-packages/sklearn/base.py", line 17, in <module>
    from .utils import _IS_32BIT
  File "/home/airflow/.local/lib/python3.7/site-packages/sklearn/utils/__init__.py", line 28, in <module>
    from .fixes import np_version, parse_version
  File "/home/airflow/.local/lib/python3.7/site-packages/sklearn/utils/fixes.py", line 20, in <module>
    import scipy.stats
  File "/home/airflow/.local/lib/python3.7/site-packages/scipy/stats/__init__.py", line 441, in <module>
    from .stats import *
  File "/home/airflow/.local/lib/python3.7/site-packages/scipy/stats/stats.py", line 37, in <module>
    from scipy.spatial.distance import cdist
  File "/home/airflow/.local/lib/python3.7/site-packages/scipy/spatial/__init__.py", line 98, in <module>
    from .qhull import *
  File "<frozen importlib._bootstrap>", line 416, in parent
  File "/home/airflow/.local/lib/python3.7/site-packages/airflow/utils/timeout.py", line 69, in handle_timeout
    raise AirflowTaskTimeout(self.error_message)
airflow.exceptions.AirflowTaskTimeout: DagBag import timeout for /opt/airflow/dags/airflow.py after 30.0s.
Please take a look at these docs to improve your DAG import time:
* https://airflow.apache.org/docs/apache-airflow/2.5.1/best-practices.html#top-level-python-code
* https://airflow.apache.org/docs/apache-airflow/2.5.1/best-practices.html#reducing-dag-complexity, PID: 126
[2025-10-07T00:28:37.961+0000] {processor.py:755} WARNING - No viable dags retrieved from /opt/airflow/dags/airflow.py
[2025-10-07T00:32:51.949+0000] {processor.py:153} INFO - Started process (PID=66) to work on /opt/airflow/dags/airflow.py
[2025-10-07T00:32:52.094+0000] {processor.py:743} INFO - Processing file /opt/airflow/dags/airflow.py for tasks to queue
[2025-10-07T00:32:52.096+0000] {logging_mixin.py:137} INFO - [2025-10-07T00:32:52.096+0000] {dagbag.py:538} INFO - Filling up the DagBag from /opt/airflow/dags/airflow.py
[2025-10-07T00:33:08.071+0000] {logging_mixin.py:137} INFO - [2025-10-07T00:33:08.071+0000] {taskmixin.py:205} WARNING - Dependency <Task(PythonOperator): load_wine_data>, preprocess_wine_data already registered for DAG: wine_clustering_pipeline
[2025-10-07T00:33:08.119+0000] {logging_mixin.py:137} INFO - [2025-10-07T00:33:08.119+0000] {taskmixin.py:205} WARNING - Dependency <Task(PythonOperator): preprocess_wine_data>, load_wine_data already registered for DAG: wine_clustering_pipeline
[2025-10-07T00:33:08.121+0000] {logging_mixin.py:137} INFO - [2025-10-07T00:33:08.121+0000] {taskmixin.py:205} WARNING - Dependency <Task(PythonOperator): preprocess_wine_data>, train_wine_clusters already registered for DAG: wine_clustering_pipeline
[2025-10-07T00:33:08.218+0000] {logging_mixin.py:137} INFO - [2025-10-07T00:33:08.218+0000] {taskmixin.py:205} WARNING - Dependency <Task(PythonOperator): train_wine_clusters>, preprocess_wine_data already registered for DAG: wine_clustering_pipeline
[2025-10-07T00:33:08.219+0000] {logging_mixin.py:137} INFO - [2025-10-07T00:33:08.219+0000] {taskmixin.py:205} WARNING - Dependency <Task(PythonOperator): train_wine_clusters>, evaluate_wine_clusters already registered for DAG: wine_clustering_pipeline
[2025-10-07T00:33:08.220+0000] {logging_mixin.py:137} INFO - [2025-10-07T00:33:08.220+0000] {taskmixin.py:205} WARNING - Dependency <Task(PythonOperator): evaluate_wine_clusters>, train_wine_clusters already registered for DAG: wine_clustering_pipeline
[2025-10-07T00:33:08.869+0000] {processor.py:753} INFO - DAG(s) dict_keys(['wine_clustering_pipeline']) retrieved from /opt/airflow/dags/airflow.py
[2025-10-07T00:33:19.286+0000] {logging_mixin.py:137} INFO - [2025-10-07T00:33:19.286+0000] {dag.py:2690} INFO - Sync 1 DAGs
[2025-10-07T00:33:19.583+0000] {logging_mixin.py:137} INFO - [2025-10-07T00:33:19.583+0000] {dag.py:3441} INFO - Setting next_dagrun for wine_clustering_pipeline to None, run_after=None
[2025-10-07T00:33:19.661+0000] {processor.py:175} INFO - Processing /opt/airflow/dags/airflow.py took 27.723 seconds
[2025-10-07T00:33:50.357+0000] {processor.py:153} INFO - Started process (PID=116) to work on /opt/airflow/dags/airflow.py
[2025-10-07T00:33:50.360+0000] {processor.py:743} INFO - Processing file /opt/airflow/dags/airflow.py for tasks to queue
[2025-10-07T00:33:50.364+0000] {logging_mixin.py:137} INFO - [2025-10-07T00:33:50.363+0000] {dagbag.py:538} INFO - Filling up the DagBag from /opt/airflow/dags/airflow.py
[2025-10-07T00:33:51.878+0000] {logging_mixin.py:137} INFO - [2025-10-07T00:33:51.878+0000] {taskmixin.py:205} WARNING - Dependency <Task(PythonOperator): load_wine_data>, preprocess_wine_data already registered for DAG: wine_clustering_pipeline
[2025-10-07T00:33:51.879+0000] {logging_mixin.py:137} INFO - [2025-10-07T00:33:51.879+0000] {taskmixin.py:205} WARNING - Dependency <Task(PythonOperator): preprocess_wine_data>, load_wine_data already registered for DAG: wine_clustering_pipeline
[2025-10-07T00:33:51.879+0000] {logging_mixin.py:137} INFO - [2025-10-07T00:33:51.879+0000] {taskmixin.py:205} WARNING - Dependency <Task(PythonOperator): preprocess_wine_data>, train_wine_clusters already registered for DAG: wine_clustering_pipeline
[2025-10-07T00:33:51.880+0000] {logging_mixin.py:137} INFO - [2025-10-07T00:33:51.880+0000] {taskmixin.py:205} WARNING - Dependency <Task(PythonOperator): train_wine_clusters>, preprocess_wine_data already registered for DAG: wine_clustering_pipeline
[2025-10-07T00:33:51.881+0000] {logging_mixin.py:137} INFO - [2025-10-07T00:33:51.881+0000] {taskmixin.py:205} WARNING - Dependency <Task(PythonOperator): train_wine_clusters>, evaluate_wine_clusters already registered for DAG: wine_clustering_pipeline
[2025-10-07T00:33:51.893+0000] {logging_mixin.py:137} INFO - [2025-10-07T00:33:51.893+0000] {taskmixin.py:205} WARNING - Dependency <Task(PythonOperator): evaluate_wine_clusters>, train_wine_clusters already registered for DAG: wine_clustering_pipeline
[2025-10-07T00:33:51.916+0000] {processor.py:753} INFO - DAG(s) dict_keys(['wine_clustering_pipeline']) retrieved from /opt/airflow/dags/airflow.py
[2025-10-07T00:33:52.017+0000] {logging_mixin.py:137} INFO - [2025-10-07T00:33:52.017+0000] {dag.py:2690} INFO - Sync 1 DAGs
[2025-10-07T00:33:52.146+0000] {logging_mixin.py:137} INFO - [2025-10-07T00:33:52.145+0000] {dag.py:3441} INFO - Setting next_dagrun for wine_clustering_pipeline to None, run_after=None
[2025-10-07T00:33:52.282+0000] {processor.py:175} INFO - Processing /opt/airflow/dags/airflow.py took 1.936 seconds
[2025-10-07T00:34:22.555+0000] {processor.py:153} INFO - Started process (PID=169) to work on /opt/airflow/dags/airflow.py
[2025-10-07T00:34:22.556+0000] {processor.py:743} INFO - Processing file /opt/airflow/dags/airflow.py for tasks to queue
[2025-10-07T00:34:22.558+0000] {logging_mixin.py:137} INFO - [2025-10-07T00:34:22.558+0000] {dagbag.py:538} INFO - Filling up the DagBag from /opt/airflow/dags/airflow.py
[2025-10-07T00:34:23.032+0000] {logging_mixin.py:137} INFO - [2025-10-07T00:34:23.032+0000] {taskmixin.py:205} WARNING - Dependency <Task(PythonOperator): load_wine_data>, preprocess_wine_data already registered for DAG: wine_clustering_pipeline
[2025-10-07T00:34:23.033+0000] {logging_mixin.py:137} INFO - [2025-10-07T00:34:23.033+0000] {taskmixin.py:205} WARNING - Dependency <Task(PythonOperator): preprocess_wine_data>, load_wine_data already registered for DAG: wine_clustering_pipeline
[2025-10-07T00:34:23.033+0000] {logging_mixin.py:137} INFO - [2025-10-07T00:34:23.033+0000] {taskmixin.py:205} WARNING - Dependency <Task(PythonOperator): preprocess_wine_data>, train_wine_clusters already registered for DAG: wine_clustering_pipeline
[2025-10-07T00:34:23.034+0000] {logging_mixin.py:137} INFO - [2025-10-07T00:34:23.034+0000] {taskmixin.py:205} WARNING - Dependency <Task(PythonOperator): train_wine_clusters>, preprocess_wine_data already registered for DAG: wine_clustering_pipeline
[2025-10-07T00:34:23.034+0000] {logging_mixin.py:137} INFO - [2025-10-07T00:34:23.034+0000] {taskmixin.py:205} WARNING - Dependency <Task(PythonOperator): train_wine_clusters>, evaluate_wine_clusters already registered for DAG: wine_clustering_pipeline
[2025-10-07T00:34:23.035+0000] {logging_mixin.py:137} INFO - [2025-10-07T00:34:23.035+0000] {taskmixin.py:205} WARNING - Dependency <Task(PythonOperator): evaluate_wine_clusters>, train_wine_clusters already registered for DAG: wine_clustering_pipeline
[2025-10-07T00:34:23.040+0000] {processor.py:753} INFO - DAG(s) dict_keys(['wine_clustering_pipeline']) retrieved from /opt/airflow/dags/airflow.py
[2025-10-07T00:34:23.070+0000] {logging_mixin.py:137} INFO - [2025-10-07T00:34:23.070+0000] {dag.py:2690} INFO - Sync 1 DAGs
[2025-10-07T00:34:23.098+0000] {logging_mixin.py:137} INFO - [2025-10-07T00:34:23.097+0000] {dag.py:3441} INFO - Setting next_dagrun for wine_clustering_pipeline to None, run_after=None
[2025-10-07T00:34:23.121+0000] {processor.py:175} INFO - Processing /opt/airflow/dags/airflow.py took 0.570 seconds
[2025-10-07T00:34:54.578+0000] {processor.py:153} INFO - Started process (PID=211) to work on /opt/airflow/dags/airflow.py
[2025-10-07T00:34:54.580+0000] {processor.py:743} INFO - Processing file /opt/airflow/dags/airflow.py for tasks to queue
[2025-10-07T00:34:54.581+0000] {logging_mixin.py:137} INFO - [2025-10-07T00:34:54.581+0000] {dagbag.py:538} INFO - Filling up the DagBag from /opt/airflow/dags/airflow.py
[2025-10-07T00:34:57.595+0000] {logging_mixin.py:137} INFO - [2025-10-07T00:34:57.595+0000] {taskmixin.py:205} WARNING - Dependency <Task(PythonOperator): load_wine_data>, preprocess_wine_data already registered for DAG: wine_clustering_pipeline
[2025-10-07T00:34:57.596+0000] {logging_mixin.py:137} INFO - [2025-10-07T00:34:57.596+0000] {taskmixin.py:205} WARNING - Dependency <Task(PythonOperator): preprocess_wine_data>, load_wine_data already registered for DAG: wine_clustering_pipeline
[2025-10-07T00:34:57.597+0000] {logging_mixin.py:137} INFO - [2025-10-07T00:34:57.596+0000] {taskmixin.py:205} WARNING - Dependency <Task(PythonOperator): preprocess_wine_data>, train_wine_clusters already registered for DAG: wine_clustering_pipeline
[2025-10-07T00:34:57.597+0000] {logging_mixin.py:137} INFO - [2025-10-07T00:34:57.597+0000] {taskmixin.py:205} WARNING - Dependency <Task(PythonOperator): train_wine_clusters>, preprocess_wine_data already registered for DAG: wine_clustering_pipeline
[2025-10-07T00:34:57.598+0000] {logging_mixin.py:137} INFO - [2025-10-07T00:34:57.598+0000] {taskmixin.py:205} WARNING - Dependency <Task(PythonOperator): train_wine_clusters>, evaluate_wine_clusters already registered for DAG: wine_clustering_pipeline
[2025-10-07T00:34:57.598+0000] {logging_mixin.py:137} INFO - [2025-10-07T00:34:57.598+0000] {taskmixin.py:205} WARNING - Dependency <Task(PythonOperator): evaluate_wine_clusters>, train_wine_clusters already registered for DAG: wine_clustering_pipeline
[2025-10-07T00:34:57.609+0000] {processor.py:753} INFO - DAG(s) dict_keys(['wine_clustering_pipeline']) retrieved from /opt/airflow/dags/airflow.py
[2025-10-07T00:34:57.731+0000] {logging_mixin.py:137} INFO - [2025-10-07T00:34:57.731+0000] {dag.py:2690} INFO - Sync 1 DAGs
[2025-10-07T00:34:57.762+0000] {logging_mixin.py:137} INFO - [2025-10-07T00:34:57.762+0000] {dag.py:3441} INFO - Setting next_dagrun for wine_clustering_pipeline to None, run_after=None
[2025-10-07T00:34:57.789+0000] {processor.py:175} INFO - Processing /opt/airflow/dags/airflow.py took 3.428 seconds
[2025-10-07T00:35:28.042+0000] {processor.py:153} INFO - Started process (PID=272) to work on /opt/airflow/dags/airflow.py
[2025-10-07T00:35:28.061+0000] {processor.py:743} INFO - Processing file /opt/airflow/dags/airflow.py for tasks to queue
[2025-10-07T00:35:28.062+0000] {logging_mixin.py:137} INFO - [2025-10-07T00:35:28.062+0000] {dagbag.py:538} INFO - Filling up the DagBag from /opt/airflow/dags/airflow.py
[2025-10-07T00:35:28.557+0000] {logging_mixin.py:137} INFO - [2025-10-07T00:35:28.557+0000] {taskmixin.py:205} WARNING - Dependency <Task(PythonOperator): load_wine_data>, preprocess_wine_data already registered for DAG: wine_clustering_pipeline
[2025-10-07T00:35:28.558+0000] {logging_mixin.py:137} INFO - [2025-10-07T00:35:28.558+0000] {taskmixin.py:205} WARNING - Dependency <Task(PythonOperator): preprocess_wine_data>, load_wine_data already registered for DAG: wine_clustering_pipeline
[2025-10-07T00:35:28.559+0000] {logging_mixin.py:137} INFO - [2025-10-07T00:35:28.559+0000] {taskmixin.py:205} WARNING - Dependency <Task(PythonOperator): preprocess_wine_data>, train_wine_clusters already registered for DAG: wine_clustering_pipeline
[2025-10-07T00:35:28.559+0000] {logging_mixin.py:137} INFO - [2025-10-07T00:35:28.559+0000] {taskmixin.py:205} WARNING - Dependency <Task(PythonOperator): train_wine_clusters>, preprocess_wine_data already registered for DAG: wine_clustering_pipeline
[2025-10-07T00:35:28.560+0000] {logging_mixin.py:137} INFO - [2025-10-07T00:35:28.560+0000] {taskmixin.py:205} WARNING - Dependency <Task(PythonOperator): train_wine_clusters>, evaluate_wine_clusters already registered for DAG: wine_clustering_pipeline
[2025-10-07T00:35:28.560+0000] {logging_mixin.py:137} INFO - [2025-10-07T00:35:28.560+0000] {taskmixin.py:205} WARNING - Dependency <Task(PythonOperator): evaluate_wine_clusters>, train_wine_clusters already registered for DAG: wine_clustering_pipeline
[2025-10-07T00:35:28.567+0000] {processor.py:753} INFO - DAG(s) dict_keys(['wine_clustering_pipeline']) retrieved from /opt/airflow/dags/airflow.py
[2025-10-07T00:35:28.611+0000] {logging_mixin.py:137} INFO - [2025-10-07T00:35:28.611+0000] {dag.py:2690} INFO - Sync 1 DAGs
[2025-10-07T00:35:28.648+0000] {logging_mixin.py:137} INFO - [2025-10-07T00:35:28.648+0000] {dag.py:3441} INFO - Setting next_dagrun for wine_clustering_pipeline to None, run_after=None
[2025-10-07T00:35:28.682+0000] {processor.py:175} INFO - Processing /opt/airflow/dags/airflow.py took 0.645 seconds
[2025-10-07T00:35:59.760+0000] {processor.py:153} INFO - Started process (PID=313) to work on /opt/airflow/dags/airflow.py
[2025-10-07T00:35:59.762+0000] {processor.py:743} INFO - Processing file /opt/airflow/dags/airflow.py for tasks to queue
[2025-10-07T00:35:59.764+0000] {logging_mixin.py:137} INFO - [2025-10-07T00:35:59.764+0000] {dagbag.py:538} INFO - Filling up the DagBag from /opt/airflow/dags/airflow.py
[2025-10-07T00:36:00.575+0000] {logging_mixin.py:137} INFO - [2025-10-07T00:36:00.575+0000] {taskmixin.py:205} WARNING - Dependency <Task(PythonOperator): load_wine_data>, preprocess_wine_data already registered for DAG: wine_clustering_pipeline
[2025-10-07T00:36:00.576+0000] {logging_mixin.py:137} INFO - [2025-10-07T00:36:00.576+0000] {taskmixin.py:205} WARNING - Dependency <Task(PythonOperator): preprocess_wine_data>, load_wine_data already registered for DAG: wine_clustering_pipeline
[2025-10-07T00:36:00.577+0000] {logging_mixin.py:137} INFO - [2025-10-07T00:36:00.577+0000] {taskmixin.py:205} WARNING - Dependency <Task(PythonOperator): preprocess_wine_data>, train_wine_clusters already registered for DAG: wine_clustering_pipeline
[2025-10-07T00:36:00.578+0000] {logging_mixin.py:137} INFO - [2025-10-07T00:36:00.577+0000] {taskmixin.py:205} WARNING - Dependency <Task(PythonOperator): train_wine_clusters>, preprocess_wine_data already registered for DAG: wine_clustering_pipeline
[2025-10-07T00:36:00.578+0000] {logging_mixin.py:137} INFO - [2025-10-07T00:36:00.578+0000] {taskmixin.py:205} WARNING - Dependency <Task(PythonOperator): train_wine_clusters>, evaluate_wine_clusters already registered for DAG: wine_clustering_pipeline
[2025-10-07T00:36:00.579+0000] {logging_mixin.py:137} INFO - [2025-10-07T00:36:00.579+0000] {taskmixin.py:205} WARNING - Dependency <Task(PythonOperator): evaluate_wine_clusters>, train_wine_clusters already registered for DAG: wine_clustering_pipeline
[2025-10-07T00:36:00.587+0000] {processor.py:753} INFO - DAG(s) dict_keys(['wine_clustering_pipeline']) retrieved from /opt/airflow/dags/airflow.py
[2025-10-07T00:36:00.626+0000] {logging_mixin.py:137} INFO - [2025-10-07T00:36:00.625+0000] {dag.py:2690} INFO - Sync 1 DAGs
[2025-10-07T00:36:00.663+0000] {logging_mixin.py:137} INFO - [2025-10-07T00:36:00.663+0000] {dag.py:3441} INFO - Setting next_dagrun for wine_clustering_pipeline to None, run_after=None
[2025-10-07T00:36:00.692+0000] {processor.py:175} INFO - Processing /opt/airflow/dags/airflow.py took 0.940 seconds
[2025-10-07T00:36:31.429+0000] {processor.py:153} INFO - Started process (PID=334) to work on /opt/airflow/dags/airflow.py
[2025-10-07T00:36:31.431+0000] {processor.py:743} INFO - Processing file /opt/airflow/dags/airflow.py for tasks to queue
[2025-10-07T00:36:31.432+0000] {logging_mixin.py:137} INFO - [2025-10-07T00:36:31.432+0000] {dagbag.py:538} INFO - Filling up the DagBag from /opt/airflow/dags/airflow.py
[2025-10-07T00:36:32.276+0000] {logging_mixin.py:137} INFO - [2025-10-07T00:36:32.276+0000] {taskmixin.py:205} WARNING - Dependency <Task(PythonOperator): load_wine_data>, preprocess_wine_data already registered for DAG: wine_clustering_pipeline
[2025-10-07T00:36:32.277+0000] {logging_mixin.py:137} INFO - [2025-10-07T00:36:32.277+0000] {taskmixin.py:205} WARNING - Dependency <Task(PythonOperator): preprocess_wine_data>, load_wine_data already registered for DAG: wine_clustering_pipeline
[2025-10-07T00:36:32.278+0000] {logging_mixin.py:137} INFO - [2025-10-07T00:36:32.277+0000] {taskmixin.py:205} WARNING - Dependency <Task(PythonOperator): preprocess_wine_data>, train_wine_clusters already registered for DAG: wine_clustering_pipeline
[2025-10-07T00:36:32.278+0000] {logging_mixin.py:137} INFO - [2025-10-07T00:36:32.278+0000] {taskmixin.py:205} WARNING - Dependency <Task(PythonOperator): train_wine_clusters>, preprocess_wine_data already registered for DAG: wine_clustering_pipeline
[2025-10-07T00:36:32.279+0000] {logging_mixin.py:137} INFO - [2025-10-07T00:36:32.279+0000] {taskmixin.py:205} WARNING - Dependency <Task(PythonOperator): train_wine_clusters>, evaluate_wine_clusters already registered for DAG: wine_clustering_pipeline
[2025-10-07T00:36:32.280+0000] {logging_mixin.py:137} INFO - [2025-10-07T00:36:32.280+0000] {taskmixin.py:205} WARNING - Dependency <Task(PythonOperator): evaluate_wine_clusters>, train_wine_clusters already registered for DAG: wine_clustering_pipeline
[2025-10-07T00:36:32.287+0000] {processor.py:753} INFO - DAG(s) dict_keys(['wine_clustering_pipeline']) retrieved from /opt/airflow/dags/airflow.py
[2025-10-07T00:36:32.323+0000] {logging_mixin.py:137} INFO - [2025-10-07T00:36:32.323+0000] {dag.py:2690} INFO - Sync 1 DAGs
[2025-10-07T00:36:32.360+0000] {logging_mixin.py:137} INFO - [2025-10-07T00:36:32.360+0000] {dag.py:3441} INFO - Setting next_dagrun for wine_clustering_pipeline to None, run_after=None
[2025-10-07T00:36:32.392+0000] {processor.py:175} INFO - Processing /opt/airflow/dags/airflow.py took 0.966 seconds
