[2025-10-06T22:41:41.108+0000] {manager.py:483} INFO - Processing files using up to 2 processes at a time 
[2025-10-06T22:41:41.158+0000] {manager.py:484} INFO - Process each file at most once every 30 seconds
[2025-10-06T22:41:41.160+0000] {manager.py:486} INFO - Checking for new files in /opt/airflow/dags every 300 seconds
[2025-10-06T22:41:41.161+0000] {manager.py:726} INFO - Searching for files in /opt/airflow/dags
[2025-10-06T22:41:41.179+0000] {manager.py:729} INFO - There are 0 files in /opt/airflow/dags
[2025-10-06T22:44:14.154+0000] {manager.py:465} INFO - Exiting gracefully upon receiving signal 15
[2025-10-06T22:47:48.141+0000] {manager.py:483} INFO - Processing files using up to 2 processes at a time 
[2025-10-06T22:47:48.147+0000] {manager.py:484} INFO - Process each file at most once every 30 seconds
[2025-10-06T22:47:48.148+0000] {manager.py:486} INFO - Checking for new files in /opt/airflow/dags every 300 seconds
[2025-10-06T22:47:48.149+0000] {manager.py:726} INFO - Searching for files in /opt/airflow/dags
[2025-10-06T22:47:48.151+0000] {manager.py:729} INFO - There are 0 files in /opt/airflow/dags
[2025-10-06T22:52:48.304+0000] {manager.py:726} INFO - Searching for files in /opt/airflow/dags
[2025-10-06T22:52:48.576+0000] {manager.py:729} INFO - There are 0 files in /opt/airflow/dags
[2025-10-06T22:57:48.344+0000] {manager.py:726} INFO - Searching for files in /opt/airflow/dags
[2025-10-06T22:57:48.350+0000] {manager.py:729} INFO - There are 0 files in /opt/airflow/dags
[2025-10-06T22:58:46.984+0000] {manager.py:465} INFO - Exiting gracefully upon receiving signal 15
[2025-10-06T23:03:50.016+0000] {manager.py:483} INFO - Processing files using up to 2 processes at a time 
[2025-10-06T23:03:50.253+0000] {manager.py:484} INFO - Process each file at most once every 30 seconds
[2025-10-06T23:03:50.254+0000] {manager.py:486} INFO - Checking for new files in /opt/airflow/dags every 300 seconds
[2025-10-06T23:03:50.255+0000] {manager.py:726} INFO - Searching for files in /opt/airflow/dags
[2025-10-06T23:03:51.176+0000] {manager.py:729} INFO - There are 1 files in /opt/airflow/dags
[2025-10-06T23:03:51.369+0000] {manager.py:854} INFO - 
================================================================================
DAG File Processing Stats

File Path                       PID  Runtime      # DAGs    # Errors  Last Runtime    Last Run
----------------------------  -----  ---------  --------  ----------  --------------  ----------
/opt/airflow/dags/airflow.py     66  0.12s             0           0
================================================================================
[2025-10-06T23:04:21.691+0000] {manager.py:854} INFO - 
================================================================================
DAG File Processing Stats

File Path                     PID    Runtime      # DAGs    # Errors  Last Runtime    Last Run
----------------------------  -----  ---------  --------  ----------  --------------  -------------------
/opt/airflow/dags/airflow.py                           0           1  2.48s           2025-10-06T23:03:53
================================================================================
[2025-10-06T23:04:57.171+0000] {manager.py:854} INFO - 
================================================================================
DAG File Processing Stats

File Path                       PID  Runtime      # DAGs    # Errors  Last Runtime    Last Run
----------------------------  -----  ---------  --------  ----------  --------------  -------------------
/opt/airflow/dags/airflow.py     74  25.28s            0           1  2.48s           2025-10-06T23:03:53
================================================================================
[2025-10-06T23:05:20.959+0000] {manager.py:1160} ERROR - Processor for /opt/airflow/dags/airflow.py with PID 74 started at 2025-10-06T23:04:29.616440+00:00 has timed out, killing it.
[2025-10-06T23:05:28.009+0000] {manager.py:854} INFO - 
================================================================================
DAG File Processing Stats

File Path                     PID    Runtime      # DAGs    # Errors  Last Runtime    Last Run
----------------------------  -----  ---------  --------  ----------  --------------  -------------------
/opt/airflow/dags/airflow.py                           0           1  51.34s          2025-10-06T23:05:20
================================================================================
[2025-10-06T23:05:58.458+0000] {manager.py:854} INFO - 
================================================================================
DAG File Processing Stats

File Path                       PID  Runtime      # DAGs    # Errors  Last Runtime    Last Run
----------------------------  -----  ---------  --------  ----------  --------------  -------------------
/opt/airflow/dags/airflow.py     90  5.49s             0           1  51.34s          2025-10-06T23:05:20
================================================================================
[2025-10-06T23:06:28.353+0000] {manager.py:854} INFO - 
================================================================================
DAG File Processing Stats

File Path                     PID    Runtime      # DAGs    # Errors  Last Runtime    Last Run
----------------------------  -----  ---------  --------  ----------  --------------  -------------------
/opt/airflow/dags/airflow.py                           0           1  32.71s          2025-10-06T23:06:25
================================================================================
[2025-10-06T23:06:59.687+0000] {manager.py:854} INFO - 
================================================================================
DAG File Processing Stats

File Path                       PID  Runtime      # DAGs    # Errors  Last Runtime    Last Run
----------------------------  -----  ---------  --------  ----------  --------------  -------------------
/opt/airflow/dags/airflow.py    123  1.88s             0           1  32.71s          2025-10-06T23:06:25
================================================================================
[2025-10-06T23:07:30.240+0000] {manager.py:854} INFO - 
================================================================================
DAG File Processing Stats

File Path                       PID  Runtime      # DAGs    # Errors  Last Runtime    Last Run
----------------------------  -----  ---------  --------  ----------  --------------  -------------------
/opt/airflow/dags/airflow.py    123  33.75s            0           1  32.71s          2025-10-06T23:06:25
================================================================================
[2025-10-06T23:07:47.058+0000] {manager.py:1160} ERROR - Processor for /opt/airflow/dags/airflow.py with PID 123 started at 2025-10-06T23:06:56.492376+00:00 has timed out, killing it.
[2025-10-06T23:08:01.048+0000] {manager.py:854} INFO - 
================================================================================
DAG File Processing Stats

File Path                     PID    Runtime      # DAGs    # Errors  Last Runtime    Last Run
----------------------------  -----  ---------  --------  ----------  --------------  -------------------
/opt/airflow/dags/airflow.py                           0           1  50.57s          2025-10-06T23:07:47
================================================================================
[2025-10-06T23:08:31.409+0000] {manager.py:854} INFO - 
================================================================================
DAG File Processing Stats

File Path                     PID    Runtime      # DAGs    # Errors  Last Runtime    Last Run
----------------------------  -----  ---------  --------  ----------  --------------  -------------------
/opt/airflow/dags/airflow.py                           0           1  1.07s           2025-10-06T23:08:18
================================================================================
[2025-10-06T23:08:50.560+0000] {manager.py:726} INFO - Searching for files in /opt/airflow/dags
[2025-10-06T23:08:50.663+0000] {manager.py:729} INFO - There are 1 files in /opt/airflow/dags
[2025-10-06T23:09:01.785+0000] {manager.py:854} INFO - 
================================================================================
DAG File Processing Stats

File Path                     PID    Runtime      # DAGs    # Errors  Last Runtime    Last Run
----------------------------  -----  ---------  --------  ----------  --------------  -------------------
/opt/airflow/dags/airflow.py                           0           1  0.45s           2025-10-06T23:08:48
================================================================================
[2025-10-06T23:09:31.856+0000] {manager.py:854} INFO - 
================================================================================
DAG File Processing Stats

File Path                     PID    Runtime      # DAGs    # Errors  Last Runtime    Last Run
----------------------------  -----  ---------  --------  ----------  --------------  -------------------
/opt/airflow/dags/airflow.py                           0           1  0.60s           2025-10-06T23:09:19
================================================================================
[2025-10-06T23:10:02.490+0000] {manager.py:854} INFO - 
================================================================================
DAG File Processing Stats

File Path                     PID    Runtime      # DAGs    # Errors  Last Runtime    Last Run
----------------------------  -----  ---------  --------  ----------  --------------  -------------------
/opt/airflow/dags/airflow.py                           0           1  0.42s           2025-10-06T23:09:50
================================================================================
[2025-10-06T23:10:12.308+0000] {manager.py:465} INFO - Exiting gracefully upon receiving signal 15
[2025-10-06T23:17:42.877+0000] {manager.py:483} INFO - Processing files using up to 2 processes at a time 
[2025-10-06T23:17:43.102+0000] {manager.py:484} INFO - Process each file at most once every 30 seconds
[2025-10-06T23:17:43.103+0000] {manager.py:486} INFO - Checking for new files in /opt/airflow/dags every 300 seconds
[2025-10-06T23:17:43.103+0000] {manager.py:726} INFO - Searching for files in /opt/airflow/dags
[2025-10-06T23:17:44.694+0000] {manager.py:729} INFO - There are 1 files in /opt/airflow/dags
[2025-10-06T23:17:47.718+0000] {manager.py:854} INFO - 
================================================================================
DAG File Processing Stats

File Path                       PID  Runtime      # DAGs    # Errors  Last Runtime    Last Run
----------------------------  -----  ---------  --------  ----------  --------------  ----------
/opt/airflow/dags/airflow.py    109  1.56s             0           0
================================================================================
[2025-10-06T23:18:18.605+0000] {manager.py:854} INFO - 
================================================================================
DAG File Processing Stats

File Path                     PID    Runtime      # DAGs    # Errors  Last Runtime    Last Run
----------------------------  -----  ---------  --------  ----------  --------------  -------------------
/opt/airflow/dags/airflow.py                           1           0  23.67s          2025-10-06T23:18:09
================================================================================
[2025-10-06T23:18:49.501+0000] {manager.py:854} INFO - 
================================================================================
DAG File Processing Stats

File Path                     PID    Runtime      # DAGs    # Errors  Last Runtime    Last Run
----------------------------  -----  ---------  --------  ----------  --------------  -------------------
/opt/airflow/dags/airflow.py                           1           0  4.55s           2025-10-06T23:18:44
================================================================================
[2025-10-06T23:19:19.226+0000] {manager.py:854} INFO - 
================================================================================
DAG File Processing Stats

File Path                     PID    Runtime      # DAGs    # Errors  Last Runtime    Last Run
----------------------------  -----  ---------  --------  ----------  --------------  -------------------
/opt/airflow/dags/airflow.py                           1           0  2.19s           2025-10-06T23:19:17
================================================================================
[2025-10-06T23:19:49.620+0000] {manager.py:854} INFO - 
================================================================================
DAG File Processing Stats

File Path                     PID    Runtime      # DAGs    # Errors  Last Runtime    Last Run
----------------------------  -----  ---------  --------  ----------  --------------  -------------------
/opt/airflow/dags/airflow.py                           1           0  1.43s           2025-10-06T23:19:48
================================================================================
[2025-10-06T23:20:19.666+0000] {manager.py:854} INFO - 
================================================================================
DAG File Processing Stats

File Path                       PID  Runtime      # DAGs    # Errors  Last Runtime    Last Run
----------------------------  -----  ---------  --------  ----------  --------------  -------------------
/opt/airflow/dags/airflow.py    321  0.01s             1           0  1.43s           2025-10-06T23:19:48
================================================================================
[2025-10-06T23:20:49.965+0000] {manager.py:854} INFO - 
================================================================================
DAG File Processing Stats

File Path                     PID    Runtime      # DAGs    # Errors  Last Runtime    Last Run
----------------------------  -----  ---------  --------  ----------  --------------  -------------------
/opt/airflow/dags/airflow.py                           1           0  1.45s           2025-10-06T23:20:21
================================================================================
[2025-10-06T23:21:20.136+0000] {manager.py:854} INFO - 
================================================================================
DAG File Processing Stats

File Path                     PID    Runtime      # DAGs    # Errors  Last Runtime    Last Run
----------------------------  -----  ---------  --------  ----------  --------------  -------------------
/opt/airflow/dags/airflow.py                           1           0  1.57s           2025-10-06T23:20:52
================================================================================
[2025-10-06T23:21:50.351+0000] {manager.py:854} INFO - 
================================================================================
DAG File Processing Stats

File Path                     PID    Runtime      # DAGs    # Errors  Last Runtime    Last Run
----------------------------  -----  ---------  --------  ----------  --------------  -------------------
/opt/airflow/dags/airflow.py                           1           0  1.11s           2025-10-06T23:21:24
================================================================================
[2025-10-06T23:22:20.611+0000] {manager.py:854} INFO - 
================================================================================
DAG File Processing Stats

File Path                     PID    Runtime      # DAGs    # Errors  Last Runtime    Last Run
----------------------------  -----  ---------  --------  ----------  --------------  -------------------
/opt/airflow/dags/airflow.py                           1           0  4.70s           2025-10-06T23:21:59
================================================================================
[2025-10-06T23:22:43.408+0000] {manager.py:726} INFO - Searching for files in /opt/airflow/dags
[2025-10-06T23:22:43.510+0000] {manager.py:729} INFO - There are 1 files in /opt/airflow/dags
[2025-10-06T23:22:51.592+0000] {manager.py:854} INFO - 
================================================================================
DAG File Processing Stats

File Path                     PID    Runtime      # DAGs    # Errors  Last Runtime    Last Run
----------------------------  -----  ---------  --------  ----------  --------------  -------------------
/opt/airflow/dags/airflow.py                           1           0  1.08s           2025-10-06T23:22:30
================================================================================
[2025-10-06T23:23:21.816+0000] {manager.py:854} INFO - 
================================================================================
DAG File Processing Stats

File Path                     PID    Runtime      # DAGs    # Errors  Last Runtime    Last Run
----------------------------  -----  ---------  --------  ----------  --------------  -------------------
/opt/airflow/dags/airflow.py                           1           0  1.20s           2025-10-06T23:23:01
================================================================================
[2025-10-06T23:23:52.188+0000] {manager.py:854} INFO - 
================================================================================
DAG File Processing Stats

File Path                     PID    Runtime      # DAGs    # Errors  Last Runtime    Last Run
----------------------------  -----  ---------  --------  ----------  --------------  -------------------
/opt/airflow/dags/airflow.py                           1           0  1.53s           2025-10-06T23:23:33
================================================================================
[2025-10-06T23:24:22.442+0000] {manager.py:854} INFO - 
================================================================================
DAG File Processing Stats

File Path                     PID    Runtime      # DAGs    # Errors  Last Runtime    Last Run
----------------------------  -----  ---------  --------  ----------  --------------  -------------------
/opt/airflow/dags/airflow.py                           1           0  6.94s           2025-10-06T23:24:10
================================================================================
[2025-10-06T23:24:52.912+0000] {manager.py:854} INFO - 
================================================================================
DAG File Processing Stats

File Path                     PID    Runtime      # DAGs    # Errors  Last Runtime    Last Run
----------------------------  -----  ---------  --------  ----------  --------------  -------------------
/opt/airflow/dags/airflow.py                           1           0  1.50s           2025-10-06T23:24:42
================================================================================
[2025-10-06T23:25:23.168+0000] {manager.py:854} INFO - 
================================================================================
DAG File Processing Stats

File Path                       PID  Runtime      # DAGs    # Errors  Last Runtime    Last Run
----------------------------  -----  ---------  --------  ----------  --------------  -------------------
/opt/airflow/dags/airflow.py    789  10.55s            1           0  1.50s           2025-10-06T23:24:42
================================================================================
[2025-10-06T23:25:53.450+0000] {manager.py:854} INFO - 
================================================================================
DAG File Processing Stats

File Path                     PID    Runtime      # DAGs    # Errors  Last Runtime    Last Run
----------------------------  -----  ---------  --------  ----------  --------------  -------------------
/opt/airflow/dags/airflow.py                           1           0  10.92s          2025-10-06T23:25:23
================================================================================
[2025-10-06T23:26:24.070+0000] {manager.py:854} INFO - 
================================================================================
DAG File Processing Stats

File Path                     PID    Runtime      # DAGs    # Errors  Last Runtime    Last Run
----------------------------  -----  ---------  --------  ----------  --------------  -------------------
/opt/airflow/dags/airflow.py                           1           0  2.31s           2025-10-06T23:25:56
================================================================================
[2025-10-06T23:26:54.070+0000] {manager.py:854} INFO - 
================================================================================
DAG File Processing Stats

File Path                     PID    Runtime      # DAGs    # Errors  Last Runtime    Last Run
----------------------------  -----  ---------  --------  ----------  --------------  -------------------
/opt/airflow/dags/airflow.py                           1           0  1.77s           2025-10-06T23:26:27
================================================================================
[2025-10-06T23:27:24.262+0000] {manager.py:854} INFO - 
================================================================================
DAG File Processing Stats

File Path                     PID    Runtime      # DAGs    # Errors  Last Runtime    Last Run
----------------------------  -----  ---------  --------  ----------  --------------  -------------------
/opt/airflow/dags/airflow.py                           1           0  1.96s           2025-10-06T23:27:00
================================================================================
[2025-10-06T23:27:43.516+0000] {manager.py:726} INFO - Searching for files in /opt/airflow/dags
[2025-10-06T23:27:43.606+0000] {manager.py:729} INFO - There are 1 files in /opt/airflow/dags
[2025-10-06T23:27:54.790+0000] {manager.py:854} INFO - 
================================================================================
DAG File Processing Stats

File Path                     PID    Runtime      # DAGs    # Errors  Last Runtime    Last Run
----------------------------  -----  ---------  --------  ----------  --------------  -------------------
/opt/airflow/dags/airflow.py                           1           0  2.14s           2025-10-06T23:27:32
================================================================================
[2025-10-06T23:28:25.051+0000] {manager.py:854} INFO - 
================================================================================
DAG File Processing Stats

File Path                     PID    Runtime      # DAGs    # Errors  Last Runtime    Last Run
----------------------------  -----  ---------  --------  ----------  --------------  -------------------
/opt/airflow/dags/airflow.py                           1           0  1.98s           2025-10-06T23:28:04
================================================================================
[2025-10-06T23:28:55.129+0000] {manager.py:854} INFO - 
================================================================================
DAG File Processing Stats

File Path                     PID    Runtime      # DAGs    # Errors  Last Runtime    Last Run
----------------------------  -----  ---------  --------  ----------  --------------  -------------------
/opt/airflow/dags/airflow.py                           1           0  1.85s           2025-10-06T23:28:36
================================================================================
[2025-10-06T23:29:25.364+0000] {manager.py:854} INFO - 
================================================================================
DAG File Processing Stats

File Path                     PID    Runtime      # DAGs    # Errors  Last Runtime    Last Run
----------------------------  -----  ---------  --------  ----------  --------------  -------------------
/opt/airflow/dags/airflow.py                           1           0  2.54s           2025-10-06T23:29:09
================================================================================
[2025-10-06T23:29:56.063+0000] {manager.py:854} INFO - 
================================================================================
DAG File Processing Stats

File Path                     PID    Runtime      # DAGs    # Errors  Last Runtime    Last Run
----------------------------  -----  ---------  --------  ----------  --------------  -------------------
/opt/airflow/dags/airflow.py                           1           0  1.18s           2025-10-06T23:29:41
================================================================================
[2025-10-06T23:30:26.240+0000] {manager.py:854} INFO - 
================================================================================
DAG File Processing Stats

File Path                     PID    Runtime      # DAGs    # Errors  Last Runtime    Last Run
----------------------------  -----  ---------  --------  ----------  --------------  -------------------
/opt/airflow/dags/airflow.py                           1           0  1.09s           2025-10-06T23:30:12
================================================================================
[2025-10-06T23:30:56.537+0000] {manager.py:854} INFO - 
================================================================================
DAG File Processing Stats

File Path                     PID    Runtime      # DAGs    # Errors  Last Runtime    Last Run
----------------------------  -----  ---------  --------  ----------  --------------  -------------------
/opt/airflow/dags/airflow.py                           1           0  1.48s           2025-10-06T23:30:43
================================================================================
[2025-10-06T23:31:27.135+0000] {manager.py:854} INFO - 
================================================================================
DAG File Processing Stats

File Path                     PID    Runtime      # DAGs    # Errors  Last Runtime    Last Run
----------------------------  -----  ---------  --------  ----------  --------------  -------------------
/opt/airflow/dags/airflow.py                           1           0  1.04s           2025-10-06T23:31:15
================================================================================
[2025-10-06T23:31:57.345+0000] {manager.py:854} INFO - 
================================================================================
DAG File Processing Stats

File Path                     PID    Runtime      # DAGs    # Errors  Last Runtime    Last Run
----------------------------  -----  ---------  --------  ----------  --------------  -------------------
/opt/airflow/dags/airflow.py                           1           0  1.05s           2025-10-06T23:31:46
================================================================================
[2025-10-06T23:32:27.558+0000] {manager.py:854} INFO - 
================================================================================
DAG File Processing Stats

File Path                     PID    Runtime      # DAGs    # Errors  Last Runtime    Last Run
----------------------------  -----  ---------  --------  ----------  --------------  -------------------
/opt/airflow/dags/airflow.py                           1           0  1.01s           2025-10-06T23:32:17
================================================================================
[2025-10-06T23:32:43.701+0000] {manager.py:726} INFO - Searching for files in /opt/airflow/dags
[2025-10-06T23:32:43.807+0000] {manager.py:729} INFO - There are 1 files in /opt/airflow/dags
[2025-10-06T23:32:57.935+0000] {manager.py:854} INFO - 
================================================================================
DAG File Processing Stats

File Path                     PID    Runtime      # DAGs    # Errors  Last Runtime    Last Run
----------------------------  -----  ---------  --------  ----------  --------------  -------------------
/opt/airflow/dags/airflow.py                           1           0  1.43s           2025-10-06T23:32:49
================================================================================
[2025-10-06T23:33:28.523+0000] {manager.py:854} INFO - 
================================================================================
DAG File Processing Stats

File Path                     PID    Runtime      # DAGs    # Errors  Last Runtime    Last Run
----------------------------  -----  ---------  --------  ----------  --------------  -------------------
/opt/airflow/dags/airflow.py                           1           0  1.39s           2025-10-06T23:33:20
================================================================================
[2025-10-06T23:33:59.124+0000] {manager.py:854} INFO - 
================================================================================
DAG File Processing Stats

File Path                     PID    Runtime      # DAGs    # Errors  Last Runtime    Last Run
----------------------------  -----  ---------  --------  ----------  --------------  -------------------
/opt/airflow/dags/airflow.py                           1           0  1.07s           2025-10-06T23:33:52
================================================================================
[2025-10-06T23:34:29.337+0000] {manager.py:854} INFO - 
================================================================================
DAG File Processing Stats

File Path                     PID    Runtime      # DAGs    # Errors  Last Runtime    Last Run
----------------------------  -----  ---------  --------  ----------  --------------  -------------------
/opt/airflow/dags/airflow.py                           1           0  1.42s           2025-10-06T23:34:23
================================================================================
[2025-10-06T23:34:59.955+0000] {manager.py:854} INFO - 
================================================================================
DAG File Processing Stats

File Path                     PID    Runtime      # DAGs    # Errors  Last Runtime    Last Run
----------------------------  -----  ---------  --------  ----------  --------------  -------------------
/opt/airflow/dags/airflow.py                           1           0  1.09s           2025-10-06T23:34:54
================================================================================
[2025-10-06T23:35:30.213+0000] {manager.py:854} INFO - 
================================================================================
DAG File Processing Stats

File Path                     PID    Runtime      # DAGs    # Errors  Last Runtime    Last Run
----------------------------  -----  ---------  --------  ----------  --------------  -------------------
/opt/airflow/dags/airflow.py                           1           0  1.18s           2025-10-06T23:35:26
================================================================================
[2025-10-06T23:36:00.521+0000] {manager.py:854} INFO - 
================================================================================
DAG File Processing Stats

File Path                     PID    Runtime      # DAGs    # Errors  Last Runtime    Last Run
----------------------------  -----  ---------  --------  ----------  --------------  -------------------
/opt/airflow/dags/airflow.py                           1           0  1.11s           2025-10-06T23:35:57
================================================================================
[2025-10-06T23:36:30.733+0000] {manager.py:854} INFO - 
================================================================================
DAG File Processing Stats

File Path                     PID    Runtime      # DAGs    # Errors  Last Runtime    Last Run
----------------------------  -----  ---------  --------  ----------  --------------  -------------------
/opt/airflow/dags/airflow.py                           1           0  1.27s           2025-10-06T23:36:28
================================================================================
[2025-10-06T23:37:01.188+0000] {manager.py:854} INFO - 
================================================================================
DAG File Processing Stats

File Path                     PID    Runtime      # DAGs    # Errors  Last Runtime    Last Run
----------------------------  -----  ---------  --------  ----------  --------------  -------------------
/opt/airflow/dags/airflow.py                           1           0  1.08s           2025-10-06T23:37:00
================================================================================
[2025-10-06T23:37:31.396+0000] {manager.py:854} INFO - 
================================================================================
DAG File Processing Stats

File Path                       PID  Runtime      # DAGs    # Errors  Last Runtime    Last Run
----------------------------  -----  ---------  --------  ----------  --------------  -------------------
/opt/airflow/dags/airflow.py   1928  1.02s             1           0  1.08s           2025-10-06T23:37:00
================================================================================
[2025-10-06T23:37:44.527+0000] {manager.py:726} INFO - Searching for files in /opt/airflow/dags
[2025-10-06T23:37:44.613+0000] {manager.py:729} INFO - There are 1 files in /opt/airflow/dags
[2025-10-06T23:38:01.746+0000] {manager.py:854} INFO - 
================================================================================
DAG File Processing Stats

File Path                       PID  Runtime      # DAGs    # Errors  Last Runtime    Last Run
----------------------------  -----  ---------  --------  ----------  --------------  -------------------
/opt/airflow/dags/airflow.py   1991  0.01s             1           0  1.18s           2025-10-06T23:37:31
================================================================================
[2025-10-06T23:38:31.950+0000] {manager.py:854} INFO - 
================================================================================
DAG File Processing Stats

File Path                     PID    Runtime      # DAGs    # Errors  Last Runtime    Last Run
----------------------------  -----  ---------  --------  ----------  --------------  -------------------
/opt/airflow/dags/airflow.py                           1           0  1.26s           2025-10-06T23:38:02
================================================================================
[2025-10-06T23:39:02.435+0000] {manager.py:854} INFO - 
================================================================================
DAG File Processing Stats

File Path                     PID    Runtime      # DAGs    # Errors  Last Runtime    Last Run
----------------------------  -----  ---------  --------  ----------  --------------  -------------------
/opt/airflow/dags/airflow.py                           1           0  1.19s           2025-10-06T23:38:34
================================================================================
[2025-10-06T23:39:32.825+0000] {manager.py:854} INFO - 
================================================================================
DAG File Processing Stats

File Path                     PID    Runtime      # DAGs    # Errors  Last Runtime    Last Run
----------------------------  -----  ---------  --------  ----------  --------------  -------------------
/opt/airflow/dags/airflow.py                           1           0  2.24s           2025-10-06T23:39:06
================================================================================
[2025-10-06T23:40:03.106+0000] {manager.py:854} INFO - 
================================================================================
DAG File Processing Stats

File Path                     PID    Runtime      # DAGs    # Errors  Last Runtime    Last Run
----------------------------  -----  ---------  --------  ----------  --------------  -------------------
/opt/airflow/dags/airflow.py                           1           0  1.26s           2025-10-06T23:39:38
================================================================================
[2025-10-06T23:40:33.332+0000] {manager.py:854} INFO - 
================================================================================
DAG File Processing Stats

File Path                     PID    Runtime      # DAGs    # Errors  Last Runtime    Last Run
----------------------------  -----  ---------  --------  ----------  --------------  -------------------
/opt/airflow/dags/airflow.py                           1           0  1.14s           2025-10-06T23:40:09
================================================================================
[2025-10-06T23:41:04.372+0000] {manager.py:854} INFO - 
================================================================================
DAG File Processing Stats

File Path                     PID    Runtime      # DAGs    # Errors  Last Runtime    Last Run
----------------------------  -----  ---------  --------  ----------  --------------  -------------------
/opt/airflow/dags/airflow.py                           1           0  4.62s           2025-10-06T23:40:44
================================================================================
[2025-10-06T23:41:34.519+0000] {manager.py:854} INFO - 
================================================================================
DAG File Processing Stats

File Path                     PID    Runtime      # DAGs    # Errors  Last Runtime    Last Run
----------------------------  -----  ---------  --------  ----------  --------------  -------------------
/opt/airflow/dags/airflow.py                           1           0  4.79s           2025-10-06T23:41:19
================================================================================
[2025-10-06T23:42:04.746+0000] {manager.py:854} INFO - 
================================================================================
DAG File Processing Stats

File Path                     PID    Runtime      # DAGs    # Errors  Last Runtime    Last Run
----------------------------  -----  ---------  --------  ----------  --------------  -------------------
/opt/airflow/dags/airflow.py                           1           0  1.30s           2025-10-06T23:41:51
================================================================================
[2025-10-06T23:42:34.918+0000] {manager.py:854} INFO - 
================================================================================
DAG File Processing Stats

File Path                     PID    Runtime      # DAGs    # Errors  Last Runtime    Last Run
----------------------------  -----  ---------  --------  ----------  --------------  -------------------
/opt/airflow/dags/airflow.py                           1           0  1.52s           2025-10-06T23:42:23
================================================================================
[2025-10-06T23:42:44.715+0000] {manager.py:726} INFO - Searching for files in /opt/airflow/dags
[2025-10-06T23:42:44.987+0000] {manager.py:729} INFO - There are 1 files in /opt/airflow/dags
[2025-10-06T23:43:05.190+0000] {manager.py:854} INFO - 
================================================================================
DAG File Processing Stats

File Path                     PID    Runtime      # DAGs    # Errors  Last Runtime    Last Run
----------------------------  -----  ---------  --------  ----------  --------------  -------------------
/opt/airflow/dags/airflow.py                           1           0  1.42s           2025-10-06T23:42:55
================================================================================
[2025-10-06T23:43:36.086+0000] {manager.py:854} INFO - 
================================================================================
DAG File Processing Stats

File Path                     PID    Runtime      # DAGs    # Errors  Last Runtime    Last Run
----------------------------  -----  ---------  --------  ----------  --------------  -------------------
/opt/airflow/dags/airflow.py                           1           0  1.16s           2025-10-06T23:43:26
================================================================================
[2025-10-06T23:44:06.342+0000] {manager.py:854} INFO - 
================================================================================
DAG File Processing Stats

File Path                     PID    Runtime      # DAGs    # Errors  Last Runtime    Last Run
----------------------------  -----  ---------  --------  ----------  --------------  -------------------
/opt/airflow/dags/airflow.py                           1           0  1.19s           2025-10-06T23:43:58
================================================================================
[2025-10-06T23:44:36.644+0000] {manager.py:854} INFO - 
================================================================================
DAG File Processing Stats

File Path                     PID    Runtime      # DAGs    # Errors  Last Runtime    Last Run
----------------------------  -----  ---------  --------  ----------  --------------  -------------------
/opt/airflow/dags/airflow.py                           1           0  1.42s           2025-10-06T23:44:30
================================================================================
[2025-10-06T23:45:07.117+0000] {manager.py:854} INFO - 
================================================================================
DAG File Processing Stats

File Path                     PID    Runtime      # DAGs    # Errors  Last Runtime    Last Run
----------------------------  -----  ---------  --------  ----------  --------------  -------------------
/opt/airflow/dags/airflow.py                           1           0  1.19s           2025-10-06T23:45:02
================================================================================
[2025-10-06T23:45:37.749+0000] {manager.py:854} INFO - 
================================================================================
DAG File Processing Stats

File Path                     PID    Runtime      # DAGs    # Errors  Last Runtime    Last Run
----------------------------  -----  ---------  --------  ----------  --------------  -------------------
/opt/airflow/dags/airflow.py                           1           0  1.64s           2025-10-06T23:45:34
================================================================================
[2025-10-06T23:46:08.501+0000] {manager.py:854} INFO - 
================================================================================
DAG File Processing Stats

File Path                       PID  Runtime      # DAGs    # Errors  Last Runtime    Last Run
----------------------------  -----  ---------  --------  ----------  --------------  -------------------
/opt/airflow/dags/airflow.py   2725  4.25s             1           0  1.64s           2025-10-06T23:45:34
================================================================================
[2025-10-06T23:46:39.060+0000] {manager.py:854} INFO - 
================================================================================
DAG File Processing Stats

File Path                     PID    Runtime      # DAGs    # Errors  Last Runtime    Last Run
----------------------------  -----  ---------  --------  ----------  --------------  -------------------
/opt/airflow/dags/airflow.py                           1           0  6.21s           2025-10-06T23:46:10
================================================================================
[2025-10-06T23:47:09.059+0000] {manager.py:854} INFO - 
================================================================================
DAG File Processing Stats

File Path                     PID    Runtime      # DAGs    # Errors  Last Runtime    Last Run
----------------------------  -----  ---------  --------  ----------  --------------  -------------------
/opt/airflow/dags/airflow.py                           1           0  1.93s           2025-10-06T23:46:42
================================================================================
[2025-10-06T23:47:39.174+0000] {manager.py:854} INFO - 
================================================================================
DAG File Processing Stats

File Path                     PID    Runtime      # DAGs    # Errors  Last Runtime    Last Run
----------------------------  -----  ---------  --------  ----------  --------------  -------------------
/opt/airflow/dags/airflow.py                           1           0  1.81s           2025-10-06T23:47:14
================================================================================
[2025-10-06T23:47:45.344+0000] {manager.py:726} INFO - Searching for files in /opt/airflow/dags
[2025-10-06T23:47:45.503+0000] {manager.py:729} INFO - There are 1 files in /opt/airflow/dags
[2025-10-06T23:48:09.748+0000] {manager.py:854} INFO - 
================================================================================
DAG File Processing Stats

File Path                     PID    Runtime      # DAGs    # Errors  Last Runtime    Last Run
----------------------------  -----  ---------  --------  ----------  --------------  -------------------
/opt/airflow/dags/airflow.py                           1           0  2.13s           2025-10-06T23:47:47
================================================================================
[2025-10-06T23:48:39.997+0000] {manager.py:854} INFO - 
================================================================================
DAG File Processing Stats

File Path                     PID    Runtime      # DAGs    # Errors  Last Runtime    Last Run
----------------------------  -----  ---------  --------  ----------  --------------  -------------------
/opt/airflow/dags/airflow.py                           1           0  1.63s           2025-10-06T23:48:19
================================================================================
[2025-10-06T23:49:10.892+0000] {manager.py:854} INFO - 
================================================================================
DAG File Processing Stats

File Path                     PID    Runtime      # DAGs    # Errors  Last Runtime    Last Run
----------------------------  -----  ---------  --------  ----------  --------------  -------------------
/opt/airflow/dags/airflow.py                           1           0  1.15s           2025-10-06T23:48:50
================================================================================
[2025-10-06T23:49:41.125+0000] {manager.py:854} INFO - 
================================================================================
DAG File Processing Stats

File Path                     PID    Runtime      # DAGs    # Errors  Last Runtime    Last Run
----------------------------  -----  ---------  --------  ----------  --------------  -------------------
/opt/airflow/dags/airflow.py                           1           0  1.05s           2025-10-06T23:49:22
================================================================================
[2025-10-06T23:50:11.362+0000] {manager.py:854} INFO - 
================================================================================
DAG File Processing Stats

File Path                     PID    Runtime      # DAGs    # Errors  Last Runtime    Last Run
----------------------------  -----  ---------  --------  ----------  --------------  -------------------
/opt/airflow/dags/airflow.py                           1           0  1.08s           2025-10-06T23:49:53
================================================================================
[2025-10-06T23:50:41.676+0000] {manager.py:854} INFO - 
================================================================================
DAG File Processing Stats

File Path                     PID    Runtime      # DAGs    # Errors  Last Runtime    Last Run
----------------------------  -----  ---------  --------  ----------  --------------  -------------------
/opt/airflow/dags/airflow.py                           1           0  1.65s           2025-10-06T23:50:25
================================================================================
[2025-10-06T23:51:11.782+0000] {manager.py:854} INFO - 
================================================================================
DAG File Processing Stats

File Path                     PID    Runtime      # DAGs    # Errors  Last Runtime    Last Run
----------------------------  -----  ---------  --------  ----------  --------------  -------------------
/opt/airflow/dags/airflow.py                           1           0  1.33s           2025-10-06T23:50:56
================================================================================
[2025-10-06T23:51:42.000+0000] {manager.py:854} INFO - 
================================================================================
DAG File Processing Stats

File Path                     PID    Runtime      # DAGs    # Errors  Last Runtime    Last Run
----------------------------  -----  ---------  --------  ----------  --------------  -------------------
/opt/airflow/dags/airflow.py                           1           0  1.02s           2025-10-06T23:51:27
================================================================================
[2025-10-06T23:52:12.246+0000] {manager.py:854} INFO - 
================================================================================
DAG File Processing Stats

File Path                     PID    Runtime      # DAGs    # Errors  Last Runtime    Last Run
----------------------------  -----  ---------  --------  ----------  --------------  -------------------
/opt/airflow/dags/airflow.py                           1           0  1.14s           2025-10-06T23:51:59
================================================================================
[2025-10-06T23:52:42.525+0000] {manager.py:854} INFO - 
================================================================================
DAG File Processing Stats

File Path                     PID    Runtime      # DAGs    # Errors  Last Runtime    Last Run
----------------------------  -----  ---------  --------  ----------  --------------  -------------------
/opt/airflow/dags/airflow.py                           1           0  1.08s           2025-10-06T23:52:30
================================================================================
[2025-10-06T23:52:45.549+0000] {manager.py:726} INFO - Searching for files in /opt/airflow/dags
[2025-10-06T23:52:45.642+0000] {manager.py:729} INFO - There are 1 files in /opt/airflow/dags
[2025-10-06T23:53:12.859+0000] {manager.py:854} INFO - 
================================================================================
DAG File Processing Stats

File Path                     PID    Runtime      # DAGs    # Errors  Last Runtime    Last Run
----------------------------  -----  ---------  --------  ----------  --------------  -------------------
/opt/airflow/dags/airflow.py                           1           0  1.31s           2025-10-06T23:53:02
================================================================================
[2025-10-06T23:53:43.486+0000] {manager.py:854} INFO - 
================================================================================
DAG File Processing Stats

File Path                     PID    Runtime      # DAGs    # Errors  Last Runtime    Last Run
----------------------------  -----  ---------  --------  ----------  --------------  -------------------
/opt/airflow/dags/airflow.py                           1           0  1.31s           2025-10-06T23:53:33
================================================================================
[2025-10-06T23:54:13.862+0000] {manager.py:854} INFO - 
================================================================================
DAG File Processing Stats

File Path                     PID    Runtime      # DAGs    # Errors  Last Runtime    Last Run
----------------------------  -----  ---------  --------  ----------  --------------  -------------------
/opt/airflow/dags/airflow.py                           1           0  1.59s           2025-10-06T23:54:05
================================================================================
[2025-10-06T23:54:28.952+0000] {manager.py:465} INFO - Exiting gracefully upon receiving signal 15
[2025-10-07T00:08:54.258+0000] {manager.py:483} INFO - Processing files using up to 2 processes at a time 
[2025-10-07T00:08:54.338+0000] {manager.py:484} INFO - Process each file at most once every 30 seconds
[2025-10-07T00:08:54.339+0000] {manager.py:486} INFO - Checking for new files in /opt/airflow/dags every 300 seconds
[2025-10-07T00:08:54.340+0000] {manager.py:726} INFO - Searching for files in /opt/airflow/dags
[2025-10-07T00:08:55.261+0000] {manager.py:729} INFO - There are 1 files in /opt/airflow/dags
[2025-10-07T00:08:55.394+0000] {manager.py:854} INFO - 
================================================================================
DAG File Processing Stats

File Path                       PID  Runtime      # DAGs    # Errors  Last Runtime    Last Run
----------------------------  -----  ---------  --------  ----------  --------------  ----------
/opt/airflow/dags/airflow.py     67  0.07s             0           0
================================================================================
[2025-10-07T00:09:25.402+0000] {manager.py:854} INFO - 
================================================================================
DAG File Processing Stats

File Path                       PID  Runtime      # DAGs    # Errors  Last Runtime    Last Run
----------------------------  -----  ---------  --------  ----------  --------------  ----------
/opt/airflow/dags/airflow.py     67  30.08s            0           0
================================================================================
[2025-10-07T00:09:56.530+0000] {manager.py:520} INFO - DAG Airflow_Lab1 is missing and will be deactivated.
[2025-10-07T00:09:58.813+0000] {manager.py:530} INFO - Deactivated 1 DAGs which are no longer present in file.
[2025-10-07T00:09:59.646+0000] {manager.py:534} INFO - Deleted DAG Airflow_Lab1 in serialized_dag table
[2025-10-07T00:10:02.154+0000] {manager.py:854} INFO - 
================================================================================
DAG File Processing Stats

File Path                     PID    Runtime      # DAGs    # Errors  Last Runtime    Last Run
----------------------------  -----  ---------  --------  ----------  --------------  -------------------
/opt/airflow/dags/airflow.py                           0           1  45.99s          2025-10-07T00:09:41
================================================================================
[2025-10-07T00:10:34.670+0000] {manager.py:854} INFO - 
================================================================================
DAG File Processing Stats

File Path                       PID  Runtime      # DAGs    # Errors  Last Runtime    Last Run
----------------------------  -----  ---------  --------  ----------  --------------  -------------------
/opt/airflow/dags/airflow.py     76  19.98s            0           1  45.99s          2025-10-07T00:09:41
================================================================================
[2025-10-07T00:11:03.573+0000] {manager.py:1160} ERROR - Processor for /opt/airflow/dags/airflow.py with PID 76 started at 2025-10-07T00:10:13.332511+00:00 has timed out, killing it.
[2025-10-07T00:11:04.916+0000] {manager.py:854} INFO - 
================================================================================
DAG File Processing Stats

File Path                     PID    Runtime      # DAGs    # Errors  Last Runtime    Last Run
----------------------------  -----  ---------  --------  ----------  --------------  -------------------
/opt/airflow/dags/airflow.py                           0           1  50.24s          2025-10-07T00:11:03
================================================================================
[2025-10-07T00:11:37.616+0000] {manager.py:854} INFO - 
================================================================================
DAG File Processing Stats

File Path                       PID  Runtime      # DAGs    # Errors  Last Runtime    Last Run
----------------------------  -----  ---------  --------  ----------  --------------  -------------------
/opt/airflow/dags/airflow.py    124  3.57s             0           1  50.24s          2025-10-07T00:11:03
================================================================================
[2025-10-07T00:12:08.928+0000] {manager.py:854} INFO - 
================================================================================
DAG File Processing Stats

File Path                       PID  Runtime      # DAGs    # Errors  Last Runtime    Last Run
----------------------------  -----  ---------  --------  ----------  --------------  -------------------
/opt/airflow/dags/airflow.py    124  34.89s            0           1  50.24s          2025-10-07T00:11:03
================================================================================
[2025-10-07T00:12:24.504+0000] {manager.py:1160} ERROR - Processor for /opt/airflow/dags/airflow.py with PID 124 started at 2025-10-07T00:11:34.034208+00:00 has timed out, killing it.
[2025-10-07T00:12:39.212+0000] {manager.py:854} INFO - 
================================================================================
DAG File Processing Stats

File Path                     PID    Runtime      # DAGs    # Errors  Last Runtime    Last Run
----------------------------  -----  ---------  --------  ----------  --------------  -------------------
/opt/airflow/dags/airflow.py                           0           1  50.47s          2025-10-07T00:12:24
================================================================================
[2025-10-07T00:13:09.609+0000] {manager.py:854} INFO - 
================================================================================
DAG File Processing Stats

File Path                     PID    Runtime      # DAGs    # Errors  Last Runtime    Last Run
----------------------------  -----  ---------  --------  ----------  --------------  -------------------
/opt/airflow/dags/airflow.py                           1           0  13.33s          2025-10-07T00:13:08
================================================================================
[2025-10-07T00:13:40.252+0000] {manager.py:854} INFO - 
================================================================================
DAG File Processing Stats

File Path                     PID    Runtime      # DAGs    # Errors  Last Runtime    Last Run
----------------------------  -----  ---------  --------  ----------  --------------  -------------------
/opt/airflow/dags/airflow.py                           1           0  1.06s           2025-10-07T00:13:39
================================================================================
[2025-10-07T00:13:54.644+0000] {manager.py:726} INFO - Searching for files in /opt/airflow/dags
[2025-10-07T00:13:54.817+0000] {manager.py:729} INFO - There are 1 files in /opt/airflow/dags
[2025-10-07T00:14:10.643+0000] {manager.py:854} INFO - 
================================================================================
DAG File Processing Stats

File Path                     PID    Runtime      # DAGs    # Errors  Last Runtime    Last Run
----------------------------  -----  ---------  --------  ----------  --------------  -------------------
/opt/airflow/dags/airflow.py                           1           0  0.69s           2025-10-07T00:14:10
================================================================================
[2025-10-07T00:14:40.865+0000] {manager.py:854} INFO - 
================================================================================
DAG File Processing Stats

File Path                       PID  Runtime      # DAGs    # Errors  Last Runtime    Last Run
----------------------------  -----  ---------  --------  ----------  --------------  -------------------
/opt/airflow/dags/airflow.py    349  0.01s             1           0  0.69s           2025-10-07T00:14:10
================================================================================
[2025-10-07T00:15:11.347+0000] {manager.py:854} INFO - 
================================================================================
DAG File Processing Stats

File Path                     PID    Runtime      # DAGs    # Errors  Last Runtime    Last Run
----------------------------  -----  ---------  --------  ----------  --------------  -------------------
/opt/airflow/dags/airflow.py                           1           0  0.64s           2025-10-07T00:14:41
================================================================================
[2025-10-07T00:15:41.451+0000] {manager.py:854} INFO - 
================================================================================
DAG File Processing Stats

File Path                     PID    Runtime      # DAGs    # Errors  Last Runtime    Last Run
----------------------------  -----  ---------  --------  ----------  --------------  -------------------
/opt/airflow/dags/airflow.py                           1           0  0.58s           2025-10-07T00:15:12
================================================================================
[2025-10-07T00:16:12.069+0000] {manager.py:854} INFO - 
================================================================================
DAG File Processing Stats

File Path                     PID    Runtime      # DAGs    # Errors  Last Runtime    Last Run
----------------------------  -----  ---------  --------  ----------  --------------  -------------------
/opt/airflow/dags/airflow.py                           1           0  0.76s           2025-10-07T00:15:43
================================================================================
[2025-10-07T00:16:42.288+0000] {manager.py:854} INFO - 
================================================================================
DAG File Processing Stats

File Path                     PID    Runtime      # DAGs    # Errors  Last Runtime    Last Run
----------------------------  -----  ---------  --------  ----------  --------------  -------------------
/opt/airflow/dags/airflow.py                           1           0  0.86s           2025-10-07T00:16:14
================================================================================
[2025-10-07T00:17:12.373+0000] {manager.py:854} INFO - 
================================================================================
DAG File Processing Stats

File Path                     PID    Runtime      # DAGs    # Errors  Last Runtime    Last Run
----------------------------  -----  ---------  --------  ----------  --------------  -------------------
/opt/airflow/dags/airflow.py                           1           0  0.68s           2025-10-07T00:16:45
================================================================================
[2025-10-07T00:17:40.910+0000] {manager.py:465} INFO - Exiting gracefully upon receiving signal 15
[2025-10-07T00:27:44.009+0000] {manager.py:483} INFO - Processing files using up to 2 processes at a time 
[2025-10-07T00:27:44.077+0000] {manager.py:484} INFO - Process each file at most once every 30 seconds
[2025-10-07T00:27:44.078+0000] {manager.py:486} INFO - Checking for new files in /opt/airflow/dags every 300 seconds
[2025-10-07T00:27:44.079+0000] {manager.py:726} INFO - Searching for files in /opt/airflow/dags
[2025-10-07T00:27:48.020+0000] {manager.py:729} INFO - There are 1 files in /opt/airflow/dags
[2025-10-07T00:27:48.804+0000] {manager.py:854} INFO - 
================================================================================
DAG File Processing Stats

File Path                       PID  Runtime      # DAGs    # Errors  Last Runtime    Last Run
----------------------------  -----  ---------  --------  ----------  --------------  ----------
/opt/airflow/dags/airflow.py    126  0.28s             0           0
================================================================================
[2025-10-07T00:28:19.066+0000] {manager.py:854} INFO - 
================================================================================
DAG File Processing Stats

File Path                       PID  Runtime      # DAGs    # Errors  Last Runtime    Last Run
----------------------------  -----  ---------  --------  ----------  --------------  ----------
/opt/airflow/dags/airflow.py    126  30.55s            0           0
================================================================================
[2025-10-07T00:28:38.620+0000] {manager.py:1160} ERROR - Processor for /opt/airflow/dags/airflow.py with PID 126 started at 2025-10-07T00:27:48.518285+00:00 has timed out, killing it.
[2025-10-07T00:28:48.570+0000] {manager.py:520} INFO - DAG wine_clustering_pipeline is missing and will be deactivated.
[2025-10-07T00:28:51.864+0000] {manager.py:530} INFO - Deactivated 1 DAGs which are no longer present in file.
[2025-10-07T00:28:51.876+0000] {manager.py:534} INFO - Deleted DAG wine_clustering_pipeline in serialized_dag table
[2025-10-07T00:28:51.882+0000] {manager.py:854} INFO - 
================================================================================
DAG File Processing Stats

File Path                     PID    Runtime      # DAGs    # Errors  Last Runtime    Last Run
----------------------------  -----  ---------  --------  ----------  --------------  -------------------
/opt/airflow/dags/airflow.py                           0           1  50.10s          2025-10-07T00:28:38
================================================================================
[2025-10-07T00:29:08.838+0000] {manager.py:465} INFO - Exiting gracefully upon receiving signal 15
[2025-10-07T00:32:51.139+0000] {manager.py:483} INFO - Processing files using up to 2 processes at a time 
[2025-10-07T00:32:51.160+0000] {manager.py:484} INFO - Process each file at most once every 30 seconds
[2025-10-07T00:32:51.161+0000] {manager.py:486} INFO - Checking for new files in /opt/airflow/dags every 300 seconds
[2025-10-07T00:32:51.162+0000] {manager.py:726} INFO - Searching for files in /opt/airflow/dags
[2025-10-07T00:32:51.853+0000] {manager.py:729} INFO - There are 1 files in /opt/airflow/dags
[2025-10-07T00:32:51.985+0000] {manager.py:854} INFO - 
================================================================================
DAG File Processing Stats

File Path                       PID  Runtime      # DAGs    # Errors  Last Runtime    Last Run
----------------------------  -----  ---------  --------  ----------  --------------  ----------
/opt/airflow/dags/airflow.py     66  0.07s             0           0
================================================================================
[2025-10-07T00:33:22.750+0000] {manager.py:854} INFO - 
================================================================================
DAG File Processing Stats

File Path                     PID    Runtime      # DAGs    # Errors  Last Runtime    Last Run
----------------------------  -----  ---------  --------  ----------  --------------  -------------------
/opt/airflow/dags/airflow.py                           1           0  27.79s          2025-10-07T00:33:19
================================================================================
[2025-10-07T00:33:53.331+0000] {manager.py:854} INFO - 
================================================================================
DAG File Processing Stats

File Path                     PID    Runtime      # DAGs    # Errors  Last Runtime    Last Run
----------------------------  -----  ---------  --------  ----------  --------------  -------------------
/opt/airflow/dags/airflow.py                           1           0  2.01s           2025-10-07T00:33:52
================================================================================
[2025-10-07T00:34:23.551+0000] {manager.py:854} INFO - 
================================================================================
DAG File Processing Stats

File Path                     PID    Runtime      # DAGs    # Errors  Last Runtime    Last Run
----------------------------  -----  ---------  --------  ----------  --------------  -------------------
/opt/airflow/dags/airflow.py                           1           0  0.62s           2025-10-07T00:34:23
================================================================================
[2025-10-07T00:34:54.336+0000] {manager.py:854} INFO - 
================================================================================
DAG File Processing Stats

File Path                       PID  Runtime      # DAGs    # Errors  Last Runtime    Last Run
----------------------------  -----  ---------  --------  ----------  --------------  -------------------
/opt/airflow/dags/airflow.py    211  0.01s             1           0  0.62s           2025-10-07T00:34:23
================================================================================
[2025-10-07T00:35:24.571+0000] {manager.py:854} INFO - 
================================================================================
DAG File Processing Stats

File Path                     PID    Runtime      # DAGs    # Errors  Last Runtime    Last Run
----------------------------  -----  ---------  --------  ----------  --------------  -------------------
/opt/airflow/dags/airflow.py                           1           0  3.60s           2025-10-07T00:34:57
================================================================================
[2025-10-07T00:35:56.420+0000] {manager.py:854} INFO - 
================================================================================
DAG File Processing Stats

File Path                     PID    Runtime      # DAGs    # Errors  Last Runtime    Last Run
----------------------------  -----  ---------  --------  ----------  --------------  -------------------
/opt/airflow/dags/airflow.py                           1           0  0.70s           2025-10-07T00:35:28
================================================================================
[2025-10-07T00:36:27.375+0000] {manager.py:854} INFO - 
================================================================================
DAG File Processing Stats

File Path                     PID    Runtime      # DAGs    # Errors  Last Runtime    Last Run
----------------------------  -----  ---------  --------  ----------  --------------  -------------------
/opt/airflow/dags/airflow.py                           1           0  1.18s           2025-10-07T00:36:00
================================================================================
[2025-10-07T00:36:43.696+0000] {manager.py:465} INFO - Exiting gracefully upon receiving signal 15
